2022/04/04 15:32:12 - Kitchen - Start of run.
2022/04/04 15:32:18 - Job_casos_por_municipios - Start of job execution
2022/04/04 15:32:18 - Job_casos_por_municipios - Starting entry [HTTP sev]
2022/04/04 15:32:18 - HTTP sev - Start of HTTP job entry.
2022/04/04 15:32:18 - HTTP sev - Connecting to URL: https://www.juntadeandalucia.es/institutodeestadisticaycartografia/badea/stpivot/stpivot/Print?cube=e2f14e4d-faa9-4735-bdc2-7133b9bc0124&type=3&foto=si&ejecutaDesde=&codConsulta=38676&consTipoVisua=JP
2022/04/04 15:32:18 - HTTP sev - Resource type: Content-Type: application/zip, last modified on: Mon, 04 Apr 2022 13:32:18 GMT.
2022/04/04 15:32:18 - HTTP sev - Finished writing 69292 bytes to result file [file:///C:/Users/sejavichan/OneDrive%20-%20Universidad%20Pablo%20de%20Olavide%20de%20Sevilla/Universidad/2021-2022/TFG/Git/TFG/procesos/ficheros/casos_mun_sev.csv]
2022/04/04 15:32:18 - Job_casos_por_municipios - Starting entry [Transformation]
2022/04/04 15:32:18 - Transformation - Using run configuration [Pentaho local]
2022/04/04 15:32:18 - Transformation - Running transformation using the Kettle execution engine
2022/04/04 15:32:18 - Casos_por_municipios - Iniciado despacho de la transformaci?n [Casos_por_municipios]
2022/04/04 15:32:19 - Salida Tabla.0 - Connected to database [Azure] (commit=1000)
2022/04/04 15:32:19 - Información de sistema.0 - Procesamiento finalizado (I=0, O=0, R=1, W=1, U=0, E=0)
2022/04/04 15:32:19 - CSV file input.0 - Header row skipped in file 'file:///C:/Users/sejavichan/OneDrive%20-%20Universidad%20Pablo%20de%20Olavide%20de%20Sevilla/Universidad/2021-2022/TFG/Git/TFG/procesos/ficheros/casos_mun_sev.csv'
2022/04/04 15:32:19 - CSV file input.0 - Procesamiento finalizado (I=2716, O=0, R=0, W=2715, U=0, E=0)
2022/04/04 15:32:20 - Juntar filas (producto cartesiano).0 - Procesamiento finalizado (I=0, O=0, R=2716, W=2715, U=0, E=0)
2022/04/04 15:32:20 - Mapeo de valores.0 - Procesamiento finalizado (I=0, O=0, R=2715, W=2715, U=0, E=0)
2022/04/04 15:32:20 - Selecciona/Renombra valores.0 - Procesamiento finalizado (I=0, O=0, R=2715, W=2715, U=0, E=0)
2022/04/04 15:32:21 - Salida Tabla.0 - Procesamiento finalizado (I=0, O=2715, R=2715, W=2715, U=0, E=0)
2022/04/04 15:32:21 - Carte - Installing timer to purge stale objects after 1440 minutes.
2022/04/04 15:32:21 - Job_casos_por_municipios - Starting entry [Success]
2022/04/04 15:32:21 - Job_casos_por_municipios - Finished job entry [Success] (result=[true])
2022/04/04 15:32:21 - Job_casos_por_municipios - Finished job entry [Transformation] (result=[true])
2022/04/04 15:32:21 - Job_casos_por_municipios - Finished job entry [HTTP sev] (result=[true])
2022/04/04 15:32:21 - Job_casos_por_municipios - Starting entry [HTTP alm]
2022/04/04 15:32:21 - HTTP alm - Start of HTTP job entry.
2022/04/04 15:32:21 - HTTP alm - Connecting to URL: https://www.juntadeandalucia.es/institutodeestadisticaycartografia/badea/stpivot/stpivot/Print?cube=4bee2830-7efc-4ca7-9592-32f66bd15298&type=3&foto=si&ejecutaDesde=&codConsulta=38665&consTipoVisua=JP
2022/04/04 15:32:21 - HTTP alm - Resource type: Content-Type: application/zip, last modified on: Mon, 04 Apr 2022 13:32:21 GMT.
2022/04/04 15:32:21 - HTTP alm - Finished writing 58055 bytes to result file [file:///C:/Users/sejavichan/OneDrive%20-%20Universidad%20Pablo%20de%20Olavide%20de%20Sevilla/Universidad/2021-2022/TFG/Git/TFG/procesos/ficheros/casos_mun_alm.csv]
2022/04/04 15:32:21 - Job_casos_por_municipios - Starting entry [Transformation 2]
2022/04/04 15:32:21 - Transformation 2 - Using run configuration [Pentaho local]
2022/04/04 15:32:21 - Transformation 2 - Running transformation using the Kettle execution engine
2022/04/04 15:32:21 - Casos_por_municipios - Iniciado despacho de la transformaci?n [Casos_por_municipios]
2022/04/04 15:32:21 - Salida Tabla.0 - Connected to database [Azure] (commit=1000)
2022/04/04 15:32:21 - Información de sistema.0 - Procesamiento finalizado (I=0, O=0, R=1, W=1, U=0, E=0)
2022/04/04 15:32:21 - CSV file input.0 - Header row skipped in file 'file:///C:/Users/sejavichan/OneDrive%20-%20Universidad%20Pablo%20de%20Olavide%20de%20Sevilla/Universidad/2021-2022/TFG/Git/TFG/procesos/ficheros/casos_mun_alm.csv'
2022/04/04 15:32:21 - CSV file input.0 - Procesamiento finalizado (I=2486, O=0, R=0, W=2485, U=0, E=0)
2022/04/04 15:32:22 - Juntar filas (producto cartesiano).0 - Procesamiento finalizado (I=0, O=0, R=2486, W=2485, U=0, E=0)
2022/04/04 15:32:22 - Mapeo de valores.0 - Procesamiento finalizado (I=0, O=0, R=2485, W=2485, U=0, E=0)
2022/04/04 15:32:22 - Selecciona/Renombra valores.0 - Procesamiento finalizado (I=0, O=0, R=2485, W=2485, U=0, E=0)
2022/04/04 15:32:22 - Salida Tabla.0 - Procesamiento finalizado (I=0, O=2485, R=2485, W=2485, U=0, E=0)
2022/04/04 15:32:22 - Job_casos_por_municipios - Starting entry [Success]
2022/04/04 15:32:22 - Job_casos_por_municipios - Finished job entry [Success] (result=[true])
2022/04/04 15:32:22 - Job_casos_por_municipios - Finished job entry [Transformation 2] (result=[true])
2022/04/04 15:32:22 - Job_casos_por_municipios - Finished job entry [HTTP alm] (result=[true])
2022/04/04 15:32:22 - Job_casos_por_municipios - Starting entry [HTTP cad]
2022/04/04 15:32:22 - HTTP cad - Start of HTTP job entry.
2022/04/04 15:32:22 - HTTP cad - Connecting to URL: https://www.juntadeandalucia.es/institutodeestadisticaycartografia/badea/stpivot/stpivot/Print?cube=5e119dc4-cff6-4f22-b4d3-1ef2e6fe4324&type=3&foto=si&ejecutaDesde=&codConsulta=38637&consTipoVisua=JP
2022/04/04 15:32:23 - HTTP cad - Resource type: Content-Type: application/zip, last modified on: Mon, 04 Apr 2022 13:32:23 GMT.
2022/04/04 15:32:23 - HTTP cad - Finished writing 31392 bytes to result file [file:///C:/Users/sejavichan/OneDrive%20-%20Universidad%20Pablo%20de%20Olavide%20de%20Sevilla/Universidad/2021-2022/TFG/Git/TFG/procesos/ficheros/casos_mun_cad.csv]
2022/04/04 15:32:23 - Job_casos_por_municipios - Starting entry [Transformation 3]
2022/04/04 15:32:23 - Transformation 3 - Using run configuration [Pentaho local]
2022/04/04 15:32:23 - Transformation 3 - Running transformation using the Kettle execution engine
2022/04/04 15:32:23 - Casos_por_municipios - Iniciado despacho de la transformaci?n [Casos_por_municipios]
2022/04/04 15:32:23 - Salida Tabla.0 - Connected to database [Azure] (commit=1000)
2022/04/04 15:32:23 - Información de sistema.0 - Procesamiento finalizado (I=0, O=0, R=1, W=1, U=0, E=0)
2022/04/04 15:32:23 - CSV file input.0 - Header row skipped in file 'file:///C:/Users/sejavichan/OneDrive%20-%20Universidad%20Pablo%20de%20Olavide%20de%20Sevilla/Universidad/2021-2022/TFG/Git/TFG/procesos/ficheros/casos_mun_cad.csv'
2022/04/04 15:32:23 - CSV file input.0 - Procesamiento finalizado (I=1198, O=0, R=0, W=1197, U=0, E=0)
2022/04/04 15:32:23 - Juntar filas (producto cartesiano).0 - Procesamiento finalizado (I=0, O=0, R=1198, W=1197, U=0, E=0)
2022/04/04 15:32:23 - Mapeo de valores.0 - Procesamiento finalizado (I=0, O=0, R=1197, W=1197, U=0, E=0)
2022/04/04 15:32:23 - Selecciona/Renombra valores.0 - Procesamiento finalizado (I=0, O=0, R=1197, W=1197, U=0, E=0)
2022/04/04 15:32:24 - Salida Tabla.0 - Procesamiento finalizado (I=0, O=1197, R=1197, W=1197, U=0, E=0)
2022/04/04 15:32:24 - Job_casos_por_municipios - Starting entry [Success]
2022/04/04 15:32:24 - Job_casos_por_municipios - Finished job entry [Success] (result=[true])
2022/04/04 15:32:24 - Job_casos_por_municipios - Finished job entry [Transformation 3] (result=[true])
2022/04/04 15:32:24 - Job_casos_por_municipios - Finished job entry [HTTP cad] (result=[true])
2022/04/04 15:32:24 - Job_casos_por_municipios - Starting entry [HTTP cor]
2022/04/04 15:32:24 - HTTP cor - Start of HTTP job entry.
2022/04/04 15:32:24 - HTTP cor - Connecting to URL: https://www.juntadeandalucia.es/institutodeestadisticaycartografia/badea/stpivot/stpivot/Print?cube=2c8742cc-9d60-4a85-908e-be8acb55464e&type=3&foto=si&ejecutaDesde=&codConsulta=38666&consTipoVisua=JP
2022/04/04 15:32:24 - HTTP cor - Resource type: Content-Type: application/zip, last modified on: Mon, 04 Apr 2022 13:32:24 GMT.
2022/04/04 15:32:24 - HTTP cor - Finished writing 47999 bytes to result file [file:///C:/Users/sejavichan/OneDrive%20-%20Universidad%20Pablo%20de%20Olavide%20de%20Sevilla/Universidad/2021-2022/TFG/Git/TFG/procesos/ficheros/casos_mun_cor.csv]
2022/04/04 15:32:24 - Job_casos_por_municipios - Starting entry [Transformation 4]
2022/04/04 15:32:24 - Transformation 4 - Using run configuration [Pentaho local]
2022/04/04 15:32:24 - Transformation 4 - Running transformation using the Kettle execution engine
2022/04/04 15:32:24 - Casos_por_municipios - Iniciado despacho de la transformaci?n [Casos_por_municipios]
2022/04/04 15:32:25 - Salida Tabla.0 - Connected to database [Azure] (commit=1000)
2022/04/04 15:32:25 - Información de sistema.0 - Procesamiento finalizado (I=0, O=0, R=1, W=1, U=0, E=0)
2022/04/04 15:32:25 - CSV file input.0 - Header row skipped in file 'file:///C:/Users/sejavichan/OneDrive%20-%20Universidad%20Pablo%20de%20Olavide%20de%20Sevilla/Universidad/2021-2022/TFG/Git/TFG/procesos/ficheros/casos_mun_cor.csv'
2022/04/04 15:32:25 - CSV file input.0 - Procesamiento finalizado (I=1934, O=0, R=0, W=1933, U=0, E=0)
2022/04/04 15:32:25 - Juntar filas (producto cartesiano).0 - Procesamiento finalizado (I=0, O=0, R=1934, W=1933, U=0, E=0)
2022/04/04 15:32:25 - Mapeo de valores.0 - Procesamiento finalizado (I=0, O=0, R=1933, W=1933, U=0, E=0)
2022/04/04 15:32:25 - Selecciona/Renombra valores.0 - Procesamiento finalizado (I=0, O=0, R=1933, W=1933, U=0, E=0)
2022/04/04 15:32:26 - Salida Tabla.0 - Procesamiento finalizado (I=0, O=1933, R=1933, W=1933, U=0, E=0)
2022/04/04 15:32:26 - Job_casos_por_municipios - Starting entry [Success]
2022/04/04 15:32:26 - Job_casos_por_municipios - Finished job entry [Success] (result=[true])
2022/04/04 15:32:26 - Job_casos_por_municipios - Finished job entry [Transformation 4] (result=[true])
2022/04/04 15:32:26 - Job_casos_por_municipios - Finished job entry [HTTP cor] (result=[true])
2022/04/04 15:32:26 - Job_casos_por_municipios - Starting entry [HTTP gra]
2022/04/04 15:32:26 - HTTP gra - Start of HTTP job entry.
2022/04/04 15:32:26 - HTTP gra - Connecting to URL: https://www.juntadeandalucia.es/institutodeestadisticaycartografia/badea/stpivot/stpivot/Print?cube=bad97422-dd1a-4da8-b030-8b61a8355fcc&type=3&foto=si&ejecutaDesde=&codConsulta=38667&consTipoVisua=JP
2022/04/04 15:32:26 - HTTP gra - Resource type: Content-Type: application/zip, last modified on: Mon, 04 Apr 2022 13:32:26 GMT.
2022/04/04 15:32:26 - HTTP gra - Finished writing 97219 bytes to result file [file:///C:/Users/sejavichan/OneDrive%20-%20Universidad%20Pablo%20de%20Olavide%20de%20Sevilla/Universidad/2021-2022/TFG/Git/TFG/procesos/ficheros/casos_mun_gra.csv]
2022/04/04 15:32:26 - Job_casos_por_municipios - Starting entry [Transformation 5]
2022/04/04 15:32:26 - Transformation 5 - Using run configuration [Pentaho local]
2022/04/04 15:32:26 - Transformation 5 - Running transformation using the Kettle execution engine
2022/04/04 15:32:26 - Casos_por_municipios - Iniciado despacho de la transformaci?n [Casos_por_municipios]
2022/04/04 15:32:27 - Salida Tabla.0 - Connected to database [Azure] (commit=1000)
2022/04/04 15:32:27 - Información de sistema.0 - Procesamiento finalizado (I=0, O=0, R=1, W=1, U=0, E=0)
2022/04/04 15:32:27 - CSV file input.0 - Header row skipped in file 'file:///C:/Users/sejavichan/OneDrive%20-%20Universidad%20Pablo%20de%20Olavide%20de%20Sevilla/Universidad/2021-2022/TFG/Git/TFG/procesos/ficheros/casos_mun_gra.csv'
2022/04/04 15:32:27 - CSV file input.0 - Procesamiento finalizado (I=4142, O=0, R=0, W=4141, U=0, E=0)
2022/04/04 15:32:27 - Juntar filas (producto cartesiano).0 - Procesamiento finalizado (I=0, O=0, R=4142, W=4141, U=0, E=0)
2022/04/04 15:32:27 - Mapeo de valores.0 - Procesamiento finalizado (I=0, O=0, R=4141, W=4141, U=0, E=0)
2022/04/04 15:32:27 - Selecciona/Renombra valores.0 - Procesamiento finalizado (I=0, O=0, R=4141, W=4141, U=0, E=0)
2022/04/04 15:32:28 - Salida Tabla.0 - Procesamiento finalizado (I=0, O=4141, R=4141, W=4141, U=0, E=0)
2022/04/04 15:32:28 - Job_casos_por_municipios - Starting entry [Success]
2022/04/04 15:32:28 - Job_casos_por_municipios - Finished job entry [Success] (result=[true])
2022/04/04 15:32:28 - Job_casos_por_municipios - Finished job entry [Transformation 5] (result=[true])
2022/04/04 15:32:28 - Job_casos_por_municipios - Finished job entry [HTTP gra] (result=[true])
2022/04/04 15:32:28 - Job_casos_por_municipios - Starting entry [HTTP hue]
2022/04/04 15:32:28 - HTTP hue - Start of HTTP job entry.
2022/04/04 15:32:28 - HTTP hue - Connecting to URL: https://www.juntadeandalucia.es/institutodeestadisticaycartografia/badea/stpivot/stpivot/Print?cube=104cbea6-efb2-459f-b5d4-5c7d4758afb3&type=3&foto=si&ejecutaDesde=&codConsulta=38668&consTipoVisua=JP
2022/04/04 15:32:28 - HTTP hue - Resource type: Content-Type: application/zip, last modified on: Mon, 04 Apr 2022 13:32:29 GMT.
2022/04/04 15:32:28 - HTTP hue - Finished writing 46267 bytes to result file [file:///C:/Users/sejavichan/OneDrive%20-%20Universidad%20Pablo%20de%20Olavide%20de%20Sevilla/Universidad/2021-2022/TFG/Git/TFG/procesos/ficheros/casos_mun_hue.csv]
2022/04/04 15:32:28 - Job_casos_por_municipios - Starting entry [Transformation 6]
2022/04/04 15:32:29 - Transformation 6 - Using run configuration [Pentaho local]
2022/04/04 15:32:29 - Transformation 6 - Running transformation using the Kettle execution engine
2022/04/04 15:32:29 - Casos_por_municipios - Iniciado despacho de la transformaci?n [Casos_por_municipios]
2022/04/04 15:32:29 - Salida Tabla.0 - Connected to database [Azure] (commit=1000)
2022/04/04 15:32:29 - Información de sistema.0 - Procesamiento finalizado (I=0, O=0, R=1, W=1, U=0, E=0)
2022/04/04 15:32:29 - CSV file input.0 - Header row skipped in file 'file:///C:/Users/sejavichan/OneDrive%20-%20Universidad%20Pablo%20de%20Olavide%20de%20Sevilla/Universidad/2021-2022/TFG/Git/TFG/procesos/ficheros/casos_mun_hue.csv'
2022/04/04 15:32:29 - CSV file input.0 - Procesamiento finalizado (I=1819, O=0, R=0, W=1818, U=0, E=0)
2022/04/04 15:32:29 - Juntar filas (producto cartesiano).0 - Procesamiento finalizado (I=0, O=0, R=1819, W=1818, U=0, E=0)
2022/04/04 15:32:29 - Mapeo de valores.0 - Procesamiento finalizado (I=0, O=0, R=1818, W=1818, U=0, E=0)
2022/04/04 15:32:29 - Selecciona/Renombra valores.0 - Procesamiento finalizado (I=0, O=0, R=1818, W=1818, U=0, E=0)
2022/04/04 15:32:30 - Salida Tabla.0 - Procesamiento finalizado (I=0, O=1818, R=1818, W=1818, U=0, E=0)
2022/04/04 15:32:30 - Job_casos_por_municipios - Starting entry [Success]
2022/04/04 15:32:30 - Job_casos_por_municipios - Finished job entry [Success] (result=[true])
2022/04/04 15:32:30 - Job_casos_por_municipios - Finished job entry [Transformation 6] (result=[true])
2022/04/04 15:32:30 - Job_casos_por_municipios - Finished job entry [HTTP hue] (result=[true])
2022/04/04 15:32:30 - Job_casos_por_municipios - Starting entry [HTTP jae]
2022/04/04 15:32:30 - HTTP jae - Start of HTTP job entry.
2022/04/04 15:32:30 - HTTP jae - Connecting to URL: https://www.juntadeandalucia.es/institutodeestadisticaycartografia/badea/stpivot/stpivot/Print?cube=bdb74d81-b03a-4de7-9185-2c96ccbd6126&type=3&foto=si&ejecutaDesde=&codConsulta=38669&consTipoVisua=JP
2022/04/04 15:32:30 - HTTP jae - Resource type: Content-Type: application/zip, last modified on: Mon, 04 Apr 2022 13:32:30 GMT.
2022/04/04 15:32:30 - HTTP jae - Finished writing 57940 bytes to result file [file:///C:/Users/sejavichan/OneDrive%20-%20Universidad%20Pablo%20de%20Olavide%20de%20Sevilla/Universidad/2021-2022/TFG/Git/TFG/procesos/ficheros/casos_mun_jae.csv]
2022/04/04 15:32:30 - Job_casos_por_municipios - Starting entry [Transformation 7]
2022/04/04 15:32:30 - Transformation 7 - Using run configuration [Pentaho local]
2022/04/04 15:32:30 - Transformation 7 - Running transformation using the Kettle execution engine
2022/04/04 15:32:30 - Casos_por_municipios - Iniciado despacho de la transformaci?n [Casos_por_municipios]
2022/04/04 15:32:31 - Salida Tabla.0 - Connected to database [Azure] (commit=1000)
2022/04/04 15:32:31 - Información de sistema.0 - Procesamiento finalizado (I=0, O=0, R=1, W=1, U=0, E=0)
2022/04/04 15:32:31 - CSV file input.0 - Header row skipped in file 'file:///C:/Users/sejavichan/OneDrive%20-%20Universidad%20Pablo%20de%20Olavide%20de%20Sevilla/Universidad/2021-2022/TFG/Git/TFG/procesos/ficheros/casos_mun_jae.csv'
2022/04/04 15:32:31 - CSV file input.0 - Procesamiento finalizado (I=2371, O=0, R=0, W=2370, U=0, E=0)
2022/04/04 15:32:31 - Juntar filas (producto cartesiano).0 - Procesamiento finalizado (I=0, O=0, R=2371, W=2370, U=0, E=0)
2022/04/04 15:32:31 - Mapeo de valores.0 - Procesamiento finalizado (I=0, O=0, R=2370, W=2370, U=0, E=0)
2022/04/04 15:32:31 - Selecciona/Renombra valores.0 - Procesamiento finalizado (I=0, O=0, R=2370, W=2370, U=0, E=0)
2022/04/04 15:32:32 - Salida Tabla.0 - Procesamiento finalizado (I=0, O=2370, R=2370, W=2370, U=0, E=0)
2022/04/04 15:32:32 - Job_casos_por_municipios - Starting entry [Success]
2022/04/04 15:32:32 - Job_casos_por_municipios - Finished job entry [Success] (result=[true])
2022/04/04 15:32:32 - Job_casos_por_municipios - Finished job entry [Transformation 7] (result=[true])
2022/04/04 15:32:32 - Job_casos_por_municipios - Finished job entry [HTTP jae] (result=[true])
2022/04/04 15:32:32 - Job_casos_por_municipios - Starting entry [HTTP mal]
2022/04/04 15:32:32 - HTTP mal - Start of HTTP job entry.
2022/04/04 15:32:32 - HTTP mal - Connecting to URL: https://www.juntadeandalucia.es/institutodeestadisticaycartografia/badea/stpivot/stpivot/Print?cube=14bab3d0-916e-4253-8d56-343c325bf719&type=3&foto=si&ejecutaDesde=&codConsulta=38674&consTipoVisua=JP
2022/04/04 15:32:32 - HTTP mal - Resource type: Content-Type: application/zip, last modified on: Mon, 04 Apr 2022 13:32:32 GMT.
2022/04/04 15:32:32 - HTTP mal - Finished writing 61396 bytes to result file [file:///C:/Users/sejavichan/OneDrive%20-%20Universidad%20Pablo%20de%20Olavide%20de%20Sevilla/Universidad/2021-2022/TFG/Git/TFG/procesos/ficheros/casos_mun_mal.csv]
2022/04/04 15:32:32 - Job_casos_por_municipios - Starting entry [Transformation 8]
2022/04/04 15:32:32 - Transformation 8 - Using run configuration [Pentaho local]
2022/04/04 15:32:32 - Transformation 8 - Running transformation using the Kettle execution engine
2022/04/04 15:32:32 - Casos_por_municipios - Iniciado despacho de la transformaci?n [Casos_por_municipios]
2022/04/04 15:32:33 - Salida Tabla.0 - Connected to database [Azure] (commit=1000)
2022/04/04 15:32:33 - Información de sistema.0 - Procesamiento finalizado (I=0, O=0, R=1, W=1, U=0, E=0)
2022/04/04 15:32:33 - CSV file input.0 - Header row skipped in file 'file:///C:/Users/sejavichan/OneDrive%20-%20Universidad%20Pablo%20de%20Olavide%20de%20Sevilla/Universidad/2021-2022/TFG/Git/TFG/procesos/ficheros/casos_mun_mal.csv'
2022/04/04 15:32:33 - CSV file input.0 - Procesamiento finalizado (I=2555, O=0, R=0, W=2554, U=0, E=0)
2022/04/04 15:32:33 - Juntar filas (producto cartesiano).0 - Procesamiento finalizado (I=0, O=0, R=2555, W=2554, U=0, E=0)
2022/04/04 15:32:33 - Mapeo de valores.0 - Procesamiento finalizado (I=0, O=0, R=2554, W=2554, U=0, E=0)
2022/04/04 15:32:33 - Selecciona/Renombra valores.0 - Procesamiento finalizado (I=0, O=0, R=2554, W=2554, U=0, E=0)
2022/04/04 15:32:34 - Salida Tabla.0 - Procesamiento finalizado (I=0, O=2554, R=2554, W=2554, U=0, E=0)
2022/04/04 15:32:34 - Job_casos_por_municipios - Starting entry [Success]
2022/04/04 15:32:34 - Job_casos_por_municipios - Finished job entry [Success] (result=[true])
2022/04/04 15:32:34 - Job_casos_por_municipios - Finished job entry [Transformation 8] (result=[true])
2022/04/04 15:32:34 - Job_casos_por_municipios - Finished job entry [HTTP mal] (result=[true])
2022/04/04 15:32:34 - Job_casos_por_municipios - Job execution finished
2022/04/04 15:32:34 - Kitchen - Finished!
2022/04/04 15:32:34 - Kitchen - Start=2022/04/04 15:32:18.142, Stop=2022/04/04 15:32:34.283
2022/04/04 15:32:34 - Kitchen - Processing ended after 16 seconds.
