2022/05/10 18:12:34 - Kitchen - Start of run.
2022/05/10 18:12:43 - Job_casos_por_municipios - Start of job execution
2022/05/10 18:12:43 - Job_casos_por_municipios - Starting entry [HTTP sev]
2022/05/10 18:12:43 - HTTP sev - Start of HTTP job entry.
2022/05/10 18:12:43 - HTTP sev - Connecting to URL: https://www.juntadeandalucia.es/institutodeestadisticaycartografia/badea/stpivot/stpivot/Print?cube=e2f14e4d-faa9-4735-bdc2-7133b9bc0124&type=3&foto=si&ejecutaDesde=&codConsulta=38676&consTipoVisua=JP
2022/05/10 18:12:44 - HTTP sev - Resource type: Content-Type: application/zip, last modified on: Tue, 10 May 2022 16:12:40 GMT.
2022/05/10 18:12:44 - HTTP sev - Finished writing 58746 bytes to result file [file:///C:/Users/usuario/Desktop/Universidad/TFG/TFG/procesos/ficheros/casos_mun_sev.csv]
2022/05/10 18:12:44 - Job_casos_por_municipios - Starting entry [Transformation]
2022/05/10 18:12:44 - Transformation - Using run configuration [Pentaho local]
2022/05/10 18:12:44 - Transformation - Running transformation using the Kettle execution engine
2022/05/10 18:12:44 - Casos_por_municipios - Iniciado despacho de la transformaci?n [Casos_por_municipios]
2022/05/10 18:12:46 - Salida Tabla.0 - Connected to database [Azure] (commit=1000)
2022/05/10 18:12:46 - Información de sistema.0 - Procesamiento finalizado (I=0, O=0, R=1, W=1, U=0, E=0)
2022/05/10 18:12:46 - CSV file input.0 - Header row skipped in file 'file:///C:/Users/usuario/Desktop/Universidad/TFG/TFG/procesos/ficheros/casos_mun_sev.csv'
2022/05/10 18:12:47 - CSV file input.0 - Procesamiento finalizado (I=2480, O=0, R=0, W=2479, U=0, E=0)
2022/05/10 18:12:47 - Juntar filas (producto cartesiano).0 - Procesamiento finalizado (I=0, O=0, R=2480, W=2479, U=0, E=0)
2022/05/10 18:12:47 - Mapeo de valores.0 - Procesamiento finalizado (I=0, O=0, R=2479, W=2479, U=0, E=0)
2022/05/10 18:12:47 - Selecciona/Renombra valores.0 - Procesamiento finalizado (I=0, O=0, R=2479, W=2479, U=0, E=0)
2022/05/10 18:12:51 - Salida Tabla.0 - Procesamiento finalizado (I=0, O=2479, R=2479, W=2479, U=0, E=0)
2022/05/10 18:12:51 - Carte - Installing timer to purge stale objects after 1440 minutes.
2022/05/10 18:12:51 - Job_casos_por_municipios - Starting entry [Success]
2022/05/10 18:12:51 - Job_casos_por_municipios - Finished job entry [Success] (result=[true])
2022/05/10 18:12:51 - Job_casos_por_municipios - Finished job entry [Transformation] (result=[true])
2022/05/10 18:12:51 - Job_casos_por_municipios - Finished job entry [HTTP sev] (result=[true])
2022/05/10 18:12:51 - Job_casos_por_municipios - Starting entry [HTTP alm]
2022/05/10 18:12:51 - HTTP alm - Start of HTTP job entry.
2022/05/10 18:12:51 - HTTP alm - Connecting to URL: https://www.juntadeandalucia.es/institutodeestadisticaycartografia/badea/stpivot/stpivot/Print?cube=4bee2830-7efc-4ca7-9592-32f66bd15298&type=3&foto=si&ejecutaDesde=&codConsulta=38665&consTipoVisua=JP
2022/05/10 18:12:51 - HTTP alm - Resource type: Content-Type: application/zip, last modified on: Tue, 10 May 2022 16:12:48 GMT.
2022/05/10 18:12:51 - HTTP alm - Finished writing 49345 bytes to result file [file:///C:/Users/usuario/Desktop/Universidad/TFG/TFG/procesos/ficheros/casos_mun_alm.csv]
2022/05/10 18:12:51 - Job_casos_por_municipios - Starting entry [Transformation 2]
2022/05/10 18:12:52 - Transformation 2 - Using run configuration [Pentaho local]
2022/05/10 18:12:52 - Transformation 2 - Running transformation using the Kettle execution engine
2022/05/10 18:12:52 - Casos_por_municipios - Iniciado despacho de la transformaci?n [Casos_por_municipios]
2022/05/10 18:12:52 - Salida Tabla.0 - Connected to database [Azure] (commit=1000)
2022/05/10 18:12:52 - Información de sistema.0 - Procesamiento finalizado (I=0, O=0, R=1, W=1, U=0, E=0)
2022/05/10 18:12:52 - CSV file input.0 - Header row skipped in file 'file:///C:/Users/usuario/Desktop/Universidad/TFG/TFG/procesos/ficheros/casos_mun_alm.csv'
2022/05/10 18:12:52 - CSV file input.0 - Procesamiento finalizado (I=2249, O=0, R=0, W=2248, U=0, E=0)
2022/05/10 18:12:53 - Juntar filas (producto cartesiano).0 - Procesamiento finalizado (I=0, O=0, R=2249, W=2248, U=0, E=0)
2022/05/10 18:12:53 - Mapeo de valores.0 - Procesamiento finalizado (I=0, O=0, R=2248, W=2248, U=0, E=0)
2022/05/10 18:12:53 - Selecciona/Renombra valores.0 - Procesamiento finalizado (I=0, O=0, R=2248, W=2248, U=0, E=0)
2022/05/10 18:12:55 - Salida Tabla.0 - Procesamiento finalizado (I=0, O=2248, R=2248, W=2248, U=0, E=0)
2022/05/10 18:12:55 - Job_casos_por_municipios - Starting entry [Success]
2022/05/10 18:12:55 - Job_casos_por_municipios - Finished job entry [Success] (result=[true])
2022/05/10 18:12:55 - Job_casos_por_municipios - Finished job entry [Transformation 2] (result=[true])
2022/05/10 18:12:55 - Job_casos_por_municipios - Finished job entry [HTTP alm] (result=[true])
2022/05/10 18:12:55 - Job_casos_por_municipios - Starting entry [HTTP cad]
2022/05/10 18:12:55 - HTTP cad - Start of HTTP job entry.
2022/05/10 18:12:55 - HTTP cad - Connecting to URL: https://www.juntadeandalucia.es/institutodeestadisticaycartografia/badea/stpivot/stpivot/Print?cube=5e119dc4-cff6-4f22-b4d3-1ef2e6fe4324&type=3&foto=si&ejecutaDesde=&codConsulta=38637&consTipoVisua=JP
2022/05/10 18:12:55 - HTTP cad - Resource type: Content-Type: application/zip, last modified on: Tue, 10 May 2022 16:12:52 GMT.
2022/05/10 18:12:56 - HTTP cad - Finished writing 26523 bytes to result file [file:///C:/Users/usuario/Desktop/Universidad/TFG/TFG/procesos/ficheros/casos_mun_cad.csv]
2022/05/10 18:12:56 - Job_casos_por_municipios - Starting entry [Transformation 3]
2022/05/10 18:12:56 - Transformation 3 - Using run configuration [Pentaho local]
2022/05/10 18:12:56 - Transformation 3 - Running transformation using the Kettle execution engine
2022/05/10 18:12:56 - Casos_por_municipios - Iniciado despacho de la transformaci?n [Casos_por_municipios]
2022/05/10 18:12:56 - Salida Tabla.0 - Connected to database [Azure] (commit=1000)
2022/05/10 18:12:56 - Información de sistema.0 - Procesamiento finalizado (I=0, O=0, R=1, W=1, U=0, E=0)
2022/05/10 18:12:57 - CSV file input.0 - Header row skipped in file 'file:///C:/Users/usuario/Desktop/Universidad/TFG/TFG/procesos/ficheros/casos_mun_cad.csv'
2022/05/10 18:12:57 - CSV file input.0 - Procesamiento finalizado (I=1094, O=0, R=0, W=1093, U=0, E=0)
2022/05/10 18:12:57 - Juntar filas (producto cartesiano).0 - Procesamiento finalizado (I=0, O=0, R=1094, W=1093, U=0, E=0)
2022/05/10 18:12:57 - Mapeo de valores.0 - Procesamiento finalizado (I=0, O=0, R=1093, W=1093, U=0, E=0)
2022/05/10 18:12:57 - Selecciona/Renombra valores.0 - Procesamiento finalizado (I=0, O=0, R=1093, W=1093, U=0, E=0)
2022/05/10 18:12:59 - Salida Tabla.0 - Procesamiento finalizado (I=0, O=1093, R=1093, W=1093, U=0, E=0)
2022/05/10 18:12:59 - Job_casos_por_municipios - Starting entry [Success]
2022/05/10 18:12:59 - Job_casos_por_municipios - Finished job entry [Success] (result=[true])
2022/05/10 18:12:59 - Job_casos_por_municipios - Finished job entry [Transformation 3] (result=[true])
2022/05/10 18:12:59 - Job_casos_por_municipios - Finished job entry [HTTP cad] (result=[true])
2022/05/10 18:12:59 - Job_casos_por_municipios - Starting entry [HTTP cor]
2022/05/10 18:12:59 - HTTP cor - Start of HTTP job entry.
2022/05/10 18:12:59 - HTTP cor - Connecting to URL: https://www.juntadeandalucia.es/institutodeestadisticaycartografia/badea/stpivot/stpivot/Print?cube=2c8742cc-9d60-4a85-908e-be8acb55464e&type=3&foto=si&ejecutaDesde=&codConsulta=38666&consTipoVisua=JP
2022/05/10 18:13:00 - HTTP cor - Resource type: Content-Type: application/zip, last modified on: Tue, 10 May 2022 16:12:56 GMT.
2022/05/10 18:13:01 - HTTP cor - Finished writing 40736 bytes to result file [file:///C:/Users/usuario/Desktop/Universidad/TFG/TFG/procesos/ficheros/casos_mun_cor.csv]
2022/05/10 18:13:01 - Job_casos_por_municipios - Starting entry [Transformation 4]
2022/05/10 18:13:01 - Transformation 4 - Using run configuration [Pentaho local]
2022/05/10 18:13:01 - Transformation 4 - Running transformation using the Kettle execution engine
2022/05/10 18:13:01 - Casos_por_municipios - Iniciado despacho de la transformaci?n [Casos_por_municipios]
2022/05/10 18:13:01 - Salida Tabla.0 - Connected to database [Azure] (commit=1000)
2022/05/10 18:13:01 - Información de sistema.0 - Procesamiento finalizado (I=0, O=0, R=1, W=1, U=0, E=0)
2022/05/10 18:13:01 - CSV file input.0 - Header row skipped in file 'file:///C:/Users/usuario/Desktop/Universidad/TFG/TFG/procesos/ficheros/casos_mun_cor.csv'
2022/05/10 18:13:01 - CSV file input.0 - Procesamiento finalizado (I=1766, O=0, R=0, W=1765, U=0, E=0)
2022/05/10 18:13:02 - Juntar filas (producto cartesiano).0 - Procesamiento finalizado (I=0, O=0, R=1766, W=1765, U=0, E=0)
2022/05/10 18:13:02 - Mapeo de valores.0 - Procesamiento finalizado (I=0, O=0, R=1765, W=1765, U=0, E=0)
2022/05/10 18:13:02 - Selecciona/Renombra valores.0 - Procesamiento finalizado (I=0, O=0, R=1765, W=1765, U=0, E=0)
2022/05/10 18:13:03 - Salida Tabla.0 - Procesamiento finalizado (I=0, O=1765, R=1765, W=1765, U=0, E=0)
2022/05/10 18:13:03 - Job_casos_por_municipios - Starting entry [Success]
2022/05/10 18:13:03 - Job_casos_por_municipios - Finished job entry [Success] (result=[true])
2022/05/10 18:13:03 - Job_casos_por_municipios - Finished job entry [Transformation 4] (result=[true])
2022/05/10 18:13:03 - Job_casos_por_municipios - Finished job entry [HTTP cor] (result=[true])
2022/05/10 18:13:03 - Job_casos_por_municipios - Starting entry [HTTP gra]
2022/05/10 18:13:03 - HTTP gra - Start of HTTP job entry.
2022/05/10 18:13:03 - HTTP gra - Connecting to URL: https://www.juntadeandalucia.es/institutodeestadisticaycartografia/badea/stpivot/stpivot/Print?cube=bad97422-dd1a-4da8-b030-8b61a8355fcc&type=3&foto=si&ejecutaDesde=&codConsulta=38667&consTipoVisua=JP
2022/05/10 18:13:04 - HTTP gra - Resource type: Content-Type: application/zip, last modified on: Tue, 10 May 2022 16:13:01 GMT.
2022/05/10 18:13:05 - HTTP gra - Finished writing 83774 bytes to result file [file:///C:/Users/usuario/Desktop/Universidad/TFG/TFG/procesos/ficheros/casos_mun_gra.csv]
2022/05/10 18:13:05 - Job_casos_por_municipios - Starting entry [Transformation 5]
2022/05/10 18:13:05 - Transformation 5 - Using run configuration [Pentaho local]
2022/05/10 18:13:05 - Transformation 5 - Running transformation using the Kettle execution engine
2022/05/10 18:13:05 - Casos_por_municipios - Iniciado despacho de la transformaci?n [Casos_por_municipios]
2022/05/10 18:13:07 - Salida Tabla.0 - Connected to database [Azure] (commit=1000)
2022/05/10 18:13:07 - Información de sistema.0 - Procesamiento finalizado (I=0, O=0, R=1, W=1, U=0, E=0)
2022/05/10 18:13:07 - CSV file input.0 - Header row skipped in file 'file:///C:/Users/usuario/Desktop/Universidad/TFG/TFG/procesos/ficheros/casos_mun_gra.csv'
2022/05/10 18:13:07 - CSV file input.0 - Procesamiento finalizado (I=3782, O=0, R=0, W=3781, U=0, E=0)
2022/05/10 18:13:08 - Juntar filas (producto cartesiano).0 - Procesamiento finalizado (I=0, O=0, R=3782, W=3781, U=0, E=0)
2022/05/10 18:13:08 - Mapeo de valores.0 - Procesamiento finalizado (I=0, O=0, R=3781, W=3781, U=0, E=0)
2022/05/10 18:13:08 - Selecciona/Renombra valores.0 - Procesamiento finalizado (I=0, O=0, R=3781, W=3781, U=0, E=0)
2022/05/10 18:13:13 - Salida Tabla.0 - Procesamiento finalizado (I=0, O=3781, R=3781, W=3781, U=0, E=0)
2022/05/10 18:13:13 - Job_casos_por_municipios - Starting entry [Success]
2022/05/10 18:13:13 - Job_casos_por_municipios - Finished job entry [Success] (result=[true])
2022/05/10 18:13:13 - Job_casos_por_municipios - Finished job entry [Transformation 5] (result=[true])
2022/05/10 18:13:13 - Job_casos_por_municipios - Finished job entry [HTTP gra] (result=[true])
2022/05/10 18:13:13 - Job_casos_por_municipios - Starting entry [HTTP hue]
2022/05/10 18:13:13 - HTTP hue - Start of HTTP job entry.
2022/05/10 18:13:13 - HTTP hue - Connecting to URL: https://www.juntadeandalucia.es/institutodeestadisticaycartografia/badea/stpivot/stpivot/Print?cube=104cbea6-efb2-459f-b5d4-5c7d4758afb3&type=3&foto=si&ejecutaDesde=&codConsulta=38668&consTipoVisua=JP
2022/05/10 18:13:13 - HTTP hue - Resource type: Content-Type: application/zip, last modified on: Tue, 10 May 2022 16:13:10 GMT.
2022/05/10 18:13:13 - HTTP hue - Finished writing 39468 bytes to result file [file:///C:/Users/usuario/Desktop/Universidad/TFG/TFG/procesos/ficheros/casos_mun_hue.csv]
2022/05/10 18:13:13 - Job_casos_por_municipios - Starting entry [Transformation 6]
2022/05/10 18:13:13 - Transformation 6 - Using run configuration [Pentaho local]
2022/05/10 18:13:13 - Transformation 6 - Running transformation using the Kettle execution engine
2022/05/10 18:13:13 - Casos_por_municipios - Iniciado despacho de la transformaci?n [Casos_por_municipios]
2022/05/10 18:13:14 - Salida Tabla.0 - Connected to database [Azure] (commit=1000)
2022/05/10 18:13:14 - Información de sistema.0 - Procesamiento finalizado (I=0, O=0, R=1, W=1, U=0, E=0)
2022/05/10 18:13:14 - CSV file input.0 - Header row skipped in file 'file:///C:/Users/usuario/Desktop/Universidad/TFG/TFG/procesos/ficheros/casos_mun_hue.csv'
2022/05/10 18:13:14 - CSV file input.0 - Procesamiento finalizado (I=1661, O=0, R=0, W=1660, U=0, E=0)
2022/05/10 18:13:15 - Juntar filas (producto cartesiano).0 - Procesamiento finalizado (I=0, O=0, R=1661, W=1660, U=0, E=0)
2022/05/10 18:13:15 - Mapeo de valores.0 - Procesamiento finalizado (I=0, O=0, R=1660, W=1660, U=0, E=0)
2022/05/10 18:13:15 - Selecciona/Renombra valores.0 - Procesamiento finalizado (I=0, O=0, R=1660, W=1660, U=0, E=0)
2022/05/10 18:13:16 - Salida Tabla.0 - Procesamiento finalizado (I=0, O=1660, R=1660, W=1660, U=0, E=0)
2022/05/10 18:13:16 - Job_casos_por_municipios - Starting entry [Success]
2022/05/10 18:13:16 - Job_casos_por_municipios - Finished job entry [Success] (result=[true])
2022/05/10 18:13:16 - Job_casos_por_municipios - Finished job entry [Transformation 6] (result=[true])
2022/05/10 18:13:16 - Job_casos_por_municipios - Finished job entry [HTTP hue] (result=[true])
2022/05/10 18:13:16 - Job_casos_por_municipios - Starting entry [HTTP jae]
2022/05/10 18:13:16 - HTTP jae - Start of HTTP job entry.
2022/05/10 18:13:16 - HTTP jae - Connecting to URL: https://www.juntadeandalucia.es/institutodeestadisticaycartografia/badea/stpivot/stpivot/Print?cube=bdb74d81-b03a-4de7-9185-2c96ccbd6126&type=3&foto=si&ejecutaDesde=&codConsulta=38669&consTipoVisua=JP
2022/05/10 18:13:17 - HTTP jae - Resource type: Content-Type: application/zip, last modified on: Tue, 10 May 2022 16:13:14 GMT.
2022/05/10 18:13:17 - HTTP jae - Finished writing 49401 bytes to result file [file:///C:/Users/usuario/Desktop/Universidad/TFG/TFG/procesos/ficheros/casos_mun_jae.csv]
2022/05/10 18:13:17 - Job_casos_por_municipios - Starting entry [Transformation 7]
2022/05/10 18:13:17 - Transformation 7 - Using run configuration [Pentaho local]
2022/05/10 18:13:17 - Transformation 7 - Running transformation using the Kettle execution engine
2022/05/10 18:13:17 - Casos_por_municipios - Iniciado despacho de la transformaci?n [Casos_por_municipios]
2022/05/10 18:13:18 - Salida Tabla.0 - Connected to database [Azure] (commit=1000)
2022/05/10 18:13:18 - Información de sistema.0 - Procesamiento finalizado (I=0, O=0, R=1, W=1, U=0, E=0)
2022/05/10 18:13:18 - CSV file input.0 - Header row skipped in file 'file:///C:/Users/usuario/Desktop/Universidad/TFG/TFG/procesos/ficheros/casos_mun_jae.csv'
2022/05/10 18:13:18 - CSV file input.0 - Procesamiento finalizado (I=2165, O=0, R=0, W=2164, U=0, E=0)
2022/05/10 18:13:19 - Juntar filas (producto cartesiano).0 - Procesamiento finalizado (I=0, O=0, R=2165, W=2164, U=0, E=0)
2022/05/10 18:13:19 - Mapeo de valores.0 - Procesamiento finalizado (I=0, O=0, R=2164, W=2164, U=0, E=0)
2022/05/10 18:13:19 - Selecciona/Renombra valores.0 - Procesamiento finalizado (I=0, O=0, R=2164, W=2164, U=0, E=0)
2022/05/10 18:13:22 - Salida Tabla.0 - Procesamiento finalizado (I=0, O=2164, R=2164, W=2164, U=0, E=0)
2022/05/10 18:13:22 - Job_casos_por_municipios - Starting entry [Success]
2022/05/10 18:13:22 - Job_casos_por_municipios - Finished job entry [Success] (result=[true])
2022/05/10 18:13:22 - Job_casos_por_municipios - Finished job entry [Transformation 7] (result=[true])
2022/05/10 18:13:22 - Job_casos_por_municipios - Finished job entry [HTTP jae] (result=[true])
2022/05/10 18:13:22 - Job_casos_por_municipios - Starting entry [HTTP mal]
2022/05/10 18:13:22 - HTTP mal - Start of HTTP job entry.
2022/05/10 18:13:22 - HTTP mal - Connecting to URL: https://www.juntadeandalucia.es/institutodeestadisticaycartografia/badea/stpivot/stpivot/Print?cube=14bab3d0-916e-4253-8d56-343c325bf719&type=3&foto=si&ejecutaDesde=&codConsulta=38674&consTipoVisua=JP
2022/05/10 18:13:22 - HTTP mal - Resource type: Content-Type: application/zip, last modified on: Tue, 10 May 2022 16:13:19 GMT.
2022/05/10 18:13:22 - HTTP mal - Finished writing 52145 bytes to result file [file:///C:/Users/usuario/Desktop/Universidad/TFG/TFG/procesos/ficheros/casos_mun_mal.csv]
2022/05/10 18:13:22 - Job_casos_por_municipios - Starting entry [Transformation 8]
2022/05/10 18:13:22 - Transformation 8 - Using run configuration [Pentaho local]
2022/05/10 18:13:22 - Transformation 8 - Running transformation using the Kettle execution engine
2022/05/10 18:13:22 - Casos_por_municipios - Iniciado despacho de la transformaci?n [Casos_por_municipios]
2022/05/10 18:13:24 - Salida Tabla.0 - Connected to database [Azure] (commit=1000)
2022/05/10 18:13:24 - Información de sistema.0 - Procesamiento finalizado (I=0, O=0, R=1, W=1, U=0, E=0)
2022/05/10 18:13:24 - CSV file input.0 - Header row skipped in file 'file:///C:/Users/usuario/Desktop/Universidad/TFG/TFG/procesos/ficheros/casos_mun_mal.csv'
2022/05/10 18:13:24 - CSV file input.0 - Procesamiento finalizado (I=2333, O=0, R=0, W=2332, U=0, E=0)
2022/05/10 18:13:24 - Juntar filas (producto cartesiano).0 - Procesamiento finalizado (I=0, O=0, R=2333, W=2332, U=0, E=0)
2022/05/10 18:13:24 - Mapeo de valores.0 - Procesamiento finalizado (I=0, O=0, R=2332, W=2332, U=0, E=0)
2022/05/10 18:13:24 - Selecciona/Renombra valores.0 - Procesamiento finalizado (I=0, O=0, R=2332, W=2332, U=0, E=0)
2022/05/10 18:13:28 - Salida Tabla.0 - Procesamiento finalizado (I=0, O=2332, R=2332, W=2332, U=0, E=0)
2022/05/10 18:13:28 - Job_casos_por_municipios - Starting entry [Success]
2022/05/10 18:13:28 - Job_casos_por_municipios - Finished job entry [Success] (result=[true])
2022/05/10 18:13:28 - Job_casos_por_municipios - Finished job entry [Transformation 8] (result=[true])
2022/05/10 18:13:28 - Job_casos_por_municipios - Finished job entry [HTTP mal] (result=[true])
2022/05/10 18:13:28 - Job_casos_por_municipios - Job execution finished
2022/05/10 18:13:28 - Kitchen - Finished!
2022/05/10 18:13:28 - Kitchen - Start=2022/05/10 18:12:43.209, Stop=2022/05/10 18:13:28.960
2022/05/10 18:13:28 - Kitchen - Processing ended after 45 seconds.
