2022/03/05 23:44:06 - Kitchen - Start of run.
2022/03/05 23:44:17 - Job_casos_por_municipios - Start of job execution
2022/03/05 23:44:17 - Job_casos_por_municipios - Starting entry [HTTP sev]
2022/03/05 23:44:17 - HTTP sev - Start of HTTP job entry.
2022/03/05 23:44:17 - HTTP sev - Connecting to URL: https://www.juntadeandalucia.es/institutodeestadisticaycartografia/badea/stpivot/stpivot/Print?cube=e2f14e4d-faa9-4735-bdc2-7133b9bc0124&type=3&foto=si&ejecutaDesde=&codConsulta=38676&consTipoVisua=JP
2022/03/05 23:44:18 - HTTP sev - Resource type: Content-Type: application/zip, last modified on: Sat, 05 Mar 2022 23:44:18 GMT.
2022/03/05 23:44:18 - HTTP sev - Finished writing 69323 bytes to result file [file:///home/sejavichan/TFG/procesos/ficheros/casos_mun_sev.csv]
2022/03/05 23:44:18 - Job_casos_por_municipios - Starting entry [Transformation]
2022/03/05 23:44:18 - Transformation - Using run configuration [Pentaho local]
2022/03/05 23:44:18 - Transformation - Running transformation using the Kettle execution engine
2022/03/05 23:44:18 - Casos_por_municipios - Dispatching started for transformation [Casos_por_municipios]
2022/03/05 23:44:18 - Salida Tabla.0 - Connected to database [Azure] (commit=1000)
2022/03/05 23:44:18 - Información de sistema.0 - Finished processing (I=0, O=0, R=1, W=1, U=0, E=0)
2022/03/05 23:44:18 - CSV file input.0 - Header row skipped in file 'file:///home/sejavichan/TFG/procesos/ficheros/casos_mun_sev.csv'
2022/03/05 23:44:19 - CSV file input.0 - Finished processing (I=2716, O=0, R=0, W=2715, U=0, E=0)
2022/03/05 23:44:19 - Juntar filas (producto cartesiano).0 - Finished processing (I=0, O=0, R=2716, W=2715, U=0, E=0)
2022/03/05 23:44:19 - Mapeo de valores.0 - Finished processing (I=0, O=0, R=2715, W=2715, U=0, E=0)
2022/03/05 23:44:19 - Selecciona/Renombra valores.0 - Finished processing (I=0, O=0, R=2715, W=2715, U=0, E=0)
2022/03/05 23:44:19 - Salida Tabla.0 - Finished processing (I=0, O=2715, R=2715, W=2715, U=0, E=0)
2022/03/05 23:44:19 - Carte - Installing timer to purge stale objects after 1440 minutes.
2022/03/05 23:44:19 - Job_casos_por_municipios - Starting entry [Success]
2022/03/05 23:44:19 - Job_casos_por_municipios - Finished job entry [Success] (result=[true])
2022/03/05 23:44:19 - Job_casos_por_municipios - Finished job entry [Transformation] (result=[true])
2022/03/05 23:44:19 - Job_casos_por_municipios - Finished job entry [HTTP sev] (result=[true])
2022/03/05 23:44:19 - Job_casos_por_municipios - Starting entry [HTTP alm]
2022/03/05 23:44:19 - HTTP alm - Start of HTTP job entry.
2022/03/05 23:44:19 - HTTP alm - Connecting to URL: https://www.juntadeandalucia.es/institutodeestadisticaycartografia/badea/stpivot/stpivot/Print?cube=4bee2830-7efc-4ca7-9592-32f66bd15298&type=3&foto=si&ejecutaDesde=&codConsulta=38665&consTipoVisua=JP
2022/03/05 23:44:20 - HTTP alm - Resource type: Content-Type: application/zip, last modified on: Sat, 05 Mar 2022 23:44:20 GMT.
2022/03/05 23:44:20 - HTTP alm - Finished writing 58066 bytes to result file [file:///home/sejavichan/TFG/procesos/ficheros/casos_mun_alm.csv]
2022/03/05 23:44:20 - Job_casos_por_municipios - Starting entry [Transformation 2]
2022/03/05 23:44:20 - Transformation 2 - Using run configuration [Pentaho local]
2022/03/05 23:44:20 - Transformation 2 - Running transformation using the Kettle execution engine
2022/03/05 23:44:20 - Casos_por_municipios - Dispatching started for transformation [Casos_por_municipios]
2022/03/05 23:44:20 - Salida Tabla.0 - Connected to database [Azure] (commit=1000)
2022/03/05 23:44:20 - Información de sistema.0 - Finished processing (I=0, O=0, R=1, W=1, U=0, E=0)
2022/03/05 23:44:20 - CSV file input.0 - Header row skipped in file 'file:///home/sejavichan/TFG/procesos/ficheros/casos_mun_alm.csv'
2022/03/05 23:44:20 - CSV file input.0 - Finished processing (I=2486, O=0, R=0, W=2485, U=0, E=0)
2022/03/05 23:44:20 - Juntar filas (producto cartesiano).0 - Finished processing (I=0, O=0, R=2486, W=2485, U=0, E=0)
2022/03/05 23:44:20 - Mapeo de valores.0 - Finished processing (I=0, O=0, R=2485, W=2485, U=0, E=0)
2022/03/05 23:44:20 - Selecciona/Renombra valores.0 - Finished processing (I=0, O=0, R=2485, W=2485, U=0, E=0)
2022/03/05 23:44:20 - Salida Tabla.0 - Finished processing (I=0, O=2485, R=2485, W=2485, U=0, E=0)
2022/03/05 23:44:20 - Job_casos_por_municipios - Starting entry [Success]
2022/03/05 23:44:20 - Job_casos_por_municipios - Finished job entry [Success] (result=[true])
2022/03/05 23:44:20 - Job_casos_por_municipios - Finished job entry [Transformation 2] (result=[true])
2022/03/05 23:44:20 - Job_casos_por_municipios - Finished job entry [HTTP alm] (result=[true])
2022/03/05 23:44:20 - Job_casos_por_municipios - Starting entry [HTTP cad]
2022/03/05 23:44:20 - HTTP cad - Start of HTTP job entry.
2022/03/05 23:44:20 - HTTP cad - Connecting to URL: https://www.juntadeandalucia.es/institutodeestadisticaycartografia/badea/stpivot/stpivot/Print?cube=5e119dc4-cff6-4f22-b4d3-1ef2e6fe4324&type=3&foto=si&ejecutaDesde=&codConsulta=38637&consTipoVisua=JP
2022/03/05 23:44:21 - HTTP cad - Resource type: Content-Type: application/zip, last modified on: Sat, 05 Mar 2022 23:44:21 GMT.
2022/03/05 23:44:21 - HTTP cad - Finished writing 31326 bytes to result file [file:///home/sejavichan/TFG/procesos/ficheros/casos_mun_cad.csv]
2022/03/05 23:44:21 - Job_casos_por_municipios - Starting entry [Transformation 3]
2022/03/05 23:44:21 - Transformation 3 - Using run configuration [Pentaho local]
2022/03/05 23:44:21 - Transformation 3 - Running transformation using the Kettle execution engine
2022/03/05 23:44:21 - Casos_por_municipios - Dispatching started for transformation [Casos_por_municipios]
2022/03/05 23:44:21 - Salida Tabla.0 - Connected to database [Azure] (commit=1000)
2022/03/05 23:44:21 - Información de sistema.0 - Finished processing (I=0, O=0, R=1, W=1, U=0, E=0)
2022/03/05 23:44:21 - CSV file input.0 - Header row skipped in file 'file:///home/sejavichan/TFG/procesos/ficheros/casos_mun_cad.csv'
2022/03/05 23:44:21 - CSV file input.0 - Finished processing (I=1198, O=0, R=0, W=1197, U=0, E=0)
2022/03/05 23:44:21 - Juntar filas (producto cartesiano).0 - Finished processing (I=0, O=0, R=1198, W=1197, U=0, E=0)
2022/03/05 23:44:21 - Mapeo de valores.0 - Finished processing (I=0, O=0, R=1197, W=1197, U=0, E=0)
2022/03/05 23:44:21 - Selecciona/Renombra valores.0 - Finished processing (I=0, O=0, R=1197, W=1197, U=0, E=0)
2022/03/05 23:44:22 - Salida Tabla.0 - Finished processing (I=0, O=1197, R=1197, W=1197, U=0, E=0)
2022/03/05 23:44:22 - Job_casos_por_municipios - Starting entry [Success]
2022/03/05 23:44:22 - Job_casos_por_municipios - Finished job entry [Success] (result=[true])
2022/03/05 23:44:22 - Job_casos_por_municipios - Finished job entry [Transformation 3] (result=[true])
2022/03/05 23:44:22 - Job_casos_por_municipios - Finished job entry [HTTP cad] (result=[true])
2022/03/05 23:44:22 - Job_casos_por_municipios - Starting entry [HTTP cor]
2022/03/05 23:44:22 - HTTP cor - Start of HTTP job entry.
2022/03/05 23:44:22 - HTTP cor - Connecting to URL: https://www.juntadeandalucia.es/institutodeestadisticaycartografia/badea/stpivot/stpivot/Print?cube=2c8742cc-9d60-4a85-908e-be8acb55464e&type=3&foto=si&ejecutaDesde=&codConsulta=38666&consTipoVisua=JP
2022/03/05 23:44:22 - HTTP cor - Resource type: Content-Type: application/zip, last modified on: Sat, 05 Mar 2022 23:44:22 GMT.
2022/03/05 23:44:22 - HTTP cor - Finished writing 48074 bytes to result file [file:///home/sejavichan/TFG/procesos/ficheros/casos_mun_cor.csv]
2022/03/05 23:44:22 - Job_casos_por_municipios - Starting entry [Transformation 4]
2022/03/05 23:44:22 - Transformation 4 - Using run configuration [Pentaho local]
2022/03/05 23:44:22 - Transformation 4 - Running transformation using the Kettle execution engine
2022/03/05 23:44:22 - Casos_por_municipios - Dispatching started for transformation [Casos_por_municipios]
2022/03/05 23:44:22 - Salida Tabla.0 - Connected to database [Azure] (commit=1000)
2022/03/05 23:44:22 - Información de sistema.0 - Finished processing (I=0, O=0, R=1, W=1, U=0, E=0)
2022/03/05 23:44:22 - CSV file input.0 - Header row skipped in file 'file:///home/sejavichan/TFG/procesos/ficheros/casos_mun_cor.csv'
2022/03/05 23:44:22 - CSV file input.0 - Finished processing (I=1934, O=0, R=0, W=1933, U=0, E=0)
2022/03/05 23:44:23 - Juntar filas (producto cartesiano).0 - Finished processing (I=0, O=0, R=1934, W=1933, U=0, E=0)
2022/03/05 23:44:23 - Mapeo de valores.0 - Finished processing (I=0, O=0, R=1933, W=1933, U=0, E=0)
2022/03/05 23:44:23 - Selecciona/Renombra valores.0 - Finished processing (I=0, O=0, R=1933, W=1933, U=0, E=0)
2022/03/05 23:44:23 - Salida Tabla.0 - Finished processing (I=0, O=1933, R=1933, W=1933, U=0, E=0)
2022/03/05 23:44:23 - Job_casos_por_municipios - Starting entry [Success]
2022/03/05 23:44:23 - Job_casos_por_municipios - Finished job entry [Success] (result=[true])
2022/03/05 23:44:23 - Job_casos_por_municipios - Finished job entry [Transformation 4] (result=[true])
2022/03/05 23:44:23 - Job_casos_por_municipios - Finished job entry [HTTP cor] (result=[true])
2022/03/05 23:44:23 - Job_casos_por_municipios - Starting entry [HTTP gra]
2022/03/05 23:44:23 - HTTP gra - Start of HTTP job entry.
2022/03/05 23:44:23 - HTTP gra - Connecting to URL: https://www.juntadeandalucia.es/institutodeestadisticaycartografia/badea/stpivot/stpivot/Print?cube=bad97422-dd1a-4da8-b030-8b61a8355fcc&type=3&foto=si&ejecutaDesde=&codConsulta=38667&consTipoVisua=JP
2022/03/05 23:44:23 - HTTP gra - Resource type: Content-Type: application/zip, last modified on: Sat, 05 Mar 2022 23:44:23 GMT.
2022/03/05 23:44:23 - HTTP gra - Finished writing 97662 bytes to result file [file:///home/sejavichan/TFG/procesos/ficheros/casos_mun_gra.csv]
2022/03/05 23:44:23 - Job_casos_por_municipios - Starting entry [Transformation 5]
2022/03/05 23:44:23 - Transformation 5 - Using run configuration [Pentaho local]
2022/03/05 23:44:23 - Transformation 5 - Running transformation using the Kettle execution engine
2022/03/05 23:44:23 - Casos_por_municipios - Dispatching started for transformation [Casos_por_municipios]
2022/03/05 23:44:23 - Salida Tabla.0 - Connected to database [Azure] (commit=1000)
2022/03/05 23:44:23 - Información de sistema.0 - Finished processing (I=0, O=0, R=1, W=1, U=0, E=0)
2022/03/05 23:44:23 - CSV file input.0 - Header row skipped in file 'file:///home/sejavichan/TFG/procesos/ficheros/casos_mun_gra.csv'
2022/03/05 23:44:23 - CSV file input.0 - Finished processing (I=4142, O=0, R=0, W=4141, U=0, E=0)
2022/03/05 23:44:24 - Juntar filas (producto cartesiano).0 - Finished processing (I=0, O=0, R=4142, W=4141, U=0, E=0)
2022/03/05 23:44:24 - Mapeo de valores.0 - Finished processing (I=0, O=0, R=4141, W=4141, U=0, E=0)
2022/03/05 23:44:24 - Selecciona/Renombra valores.0 - Finished processing (I=0, O=0, R=4141, W=4141, U=0, E=0)
2022/03/05 23:44:24 - Salida Tabla.0 - Finished processing (I=0, O=4141, R=4141, W=4141, U=0, E=0)
2022/03/05 23:44:24 - Job_casos_por_municipios - Starting entry [Success]
2022/03/05 23:44:24 - Job_casos_por_municipios - Finished job entry [Success] (result=[true])
2022/03/05 23:44:24 - Job_casos_por_municipios - Finished job entry [Transformation 5] (result=[true])
2022/03/05 23:44:24 - Job_casos_por_municipios - Finished job entry [HTTP gra] (result=[true])
2022/03/05 23:44:24 - Job_casos_por_municipios - Starting entry [HTTP hue]
2022/03/05 23:44:24 - HTTP hue - Start of HTTP job entry.
2022/03/05 23:44:24 - HTTP hue - Connecting to URL: https://www.juntadeandalucia.es/institutodeestadisticaycartografia/badea/stpivot/stpivot/Print?cube=104cbea6-efb2-459f-b5d4-5c7d4758afb3&type=3&foto=si&ejecutaDesde=&codConsulta=38668&consTipoVisua=JP
2022/03/05 23:44:24 - HTTP hue - Resource type: Content-Type: application/zip, last modified on: Sat, 05 Mar 2022 23:44:24 GMT.
2022/03/05 23:44:24 - HTTP hue - Finished writing 46399 bytes to result file [file:///home/sejavichan/TFG/procesos/ficheros/casos_mun_hue.csv]
2022/03/05 23:44:24 - Job_casos_por_municipios - Starting entry [Transformation 6]
2022/03/05 23:44:24 - Transformation 6 - Using run configuration [Pentaho local]
2022/03/05 23:44:24 - Transformation 6 - Running transformation using the Kettle execution engine
2022/03/05 23:44:24 - Casos_por_municipios - Dispatching started for transformation [Casos_por_municipios]
2022/03/05 23:44:25 - Salida Tabla.0 - Connected to database [Azure] (commit=1000)
2022/03/05 23:44:25 - Información de sistema.0 - Finished processing (I=0, O=0, R=1, W=1, U=0, E=0)
2022/03/05 23:44:25 - CSV file input.0 - Header row skipped in file 'file:///home/sejavichan/TFG/procesos/ficheros/casos_mun_hue.csv'
2022/03/05 23:44:25 - CSV file input.0 - Finished processing (I=1819, O=0, R=0, W=1818, U=0, E=0)
2022/03/05 23:44:25 - Juntar filas (producto cartesiano).0 - Finished processing (I=0, O=0, R=1819, W=1818, U=0, E=0)
2022/03/05 23:44:25 - Mapeo de valores.0 - Finished processing (I=0, O=0, R=1818, W=1818, U=0, E=0)
2022/03/05 23:44:25 - Selecciona/Renombra valores.0 - Finished processing (I=0, O=0, R=1818, W=1818, U=0, E=0)
2022/03/05 23:44:25 - Salida Tabla.0 - Finished processing (I=0, O=1818, R=1818, W=1818, U=0, E=0)
2022/03/05 23:44:25 - Job_casos_por_municipios - Starting entry [Success]
2022/03/05 23:44:25 - Job_casos_por_municipios - Finished job entry [Success] (result=[true])
2022/03/05 23:44:25 - Job_casos_por_municipios - Finished job entry [Transformation 6] (result=[true])
2022/03/05 23:44:25 - Job_casos_por_municipios - Finished job entry [HTTP hue] (result=[true])
2022/03/05 23:44:25 - Job_casos_por_municipios - Starting entry [HTTP jae]
2022/03/05 23:44:25 - HTTP jae - Start of HTTP job entry.
2022/03/05 23:44:25 - HTTP jae - Connecting to URL: https://www.juntadeandalucia.es/institutodeestadisticaycartografia/badea/stpivot/stpivot/Print?cube=bdb74d81-b03a-4de7-9185-2c96ccbd6126&type=3&foto=si&ejecutaDesde=&codConsulta=38669&consTipoVisua=JP
2022/03/05 23:44:25 - HTTP jae - Resource type: Content-Type: application/zip, last modified on: Sat, 05 Mar 2022 23:44:25 GMT.
2022/03/05 23:44:26 - HTTP jae - Finished writing 58179 bytes to result file [file:///home/sejavichan/TFG/procesos/ficheros/casos_mun_jae.csv]
2022/03/05 23:44:26 - Job_casos_por_municipios - Starting entry [Transformation 7]
2022/03/05 23:44:26 - Transformation 7 - Using run configuration [Pentaho local]
2022/03/05 23:44:26 - Transformation 7 - Running transformation using the Kettle execution engine
2022/03/05 23:44:26 - Casos_por_municipios - Dispatching started for transformation [Casos_por_municipios]
2022/03/05 23:44:26 - Salida Tabla.0 - Connected to database [Azure] (commit=1000)
2022/03/05 23:44:26 - CSV file input.0 - Header row skipped in file 'file:///home/sejavichan/TFG/procesos/ficheros/casos_mun_jae.csv'
2022/03/05 23:44:26 - CSV file input.0 - Finished processing (I=2371, O=0, R=0, W=2370, U=0, E=0)
2022/03/05 23:44:26 - Información de sistema.0 - Finished processing (I=0, O=0, R=1, W=1, U=0, E=0)
2022/03/05 23:44:26 - Juntar filas (producto cartesiano).0 - Finished processing (I=0, O=0, R=2371, W=2370, U=0, E=0)
2022/03/05 23:44:26 - Mapeo de valores.0 - Finished processing (I=0, O=0, R=2370, W=2370, U=0, E=0)
2022/03/05 23:44:26 - Selecciona/Renombra valores.0 - Finished processing (I=0, O=0, R=2370, W=2370, U=0, E=0)
2022/03/05 23:44:26 - Salida Tabla.0 - Finished processing (I=0, O=2370, R=2370, W=2370, U=0, E=0)
2022/03/05 23:44:26 - Job_casos_por_municipios - Starting entry [Success]
2022/03/05 23:44:26 - Job_casos_por_municipios - Finished job entry [Success] (result=[true])
2022/03/05 23:44:26 - Job_casos_por_municipios - Finished job entry [Transformation 7] (result=[true])
2022/03/05 23:44:26 - Job_casos_por_municipios - Finished job entry [HTTP jae] (result=[true])
2022/03/05 23:44:26 - Job_casos_por_municipios - Starting entry [HTTP mal]
2022/03/05 23:44:26 - HTTP mal - Start of HTTP job entry.
2022/03/05 23:44:26 - HTTP mal - Connecting to URL: https://www.juntadeandalucia.es/institutodeestadisticaycartografia/badea/stpivot/stpivot/Print?cube=14bab3d0-916e-4253-8d56-343c325bf719&type=3&foto=si&ejecutaDesde=&codConsulta=38674&consTipoVisua=JP
2022/03/05 23:44:27 - HTTP mal - Resource type: Content-Type: application/zip, last modified on: Sat, 05 Mar 2022 23:44:26 GMT.
2022/03/05 23:44:27 - HTTP mal - Finished writing 61420 bytes to result file [file:///home/sejavichan/TFG/procesos/ficheros/casos_mun_mal.csv]
2022/03/05 23:44:27 - Job_casos_por_municipios - Starting entry [Transformation 8]
2022/03/05 23:44:27 - Transformation 8 - Using run configuration [Pentaho local]
2022/03/05 23:44:27 - Transformation 8 - Running transformation using the Kettle execution engine
2022/03/05 23:44:27 - Casos_por_municipios - Dispatching started for transformation [Casos_por_municipios]
2022/03/05 23:44:27 - Salida Tabla.0 - Connected to database [Azure] (commit=1000)
2022/03/05 23:44:27 - Información de sistema.0 - Finished processing (I=0, O=0, R=1, W=1, U=0, E=0)
2022/03/05 23:44:27 - CSV file input.0 - Header row skipped in file 'file:///home/sejavichan/TFG/procesos/ficheros/casos_mun_mal.csv'
2022/03/05 23:44:27 - CSV file input.0 - Finished processing (I=2555, O=0, R=0, W=2554, U=0, E=0)
2022/03/05 23:44:27 - Juntar filas (producto cartesiano).0 - Finished processing (I=0, O=0, R=2555, W=2554, U=0, E=0)
2022/03/05 23:44:27 - Mapeo de valores.0 - Finished processing (I=0, O=0, R=2554, W=2554, U=0, E=0)
2022/03/05 23:44:27 - Selecciona/Renombra valores.0 - Finished processing (I=0, O=0, R=2554, W=2554, U=0, E=0)
2022/03/05 23:44:27 - Salida Tabla.0 - Finished processing (I=0, O=2554, R=2554, W=2554, U=0, E=0)
2022/03/05 23:44:27 - Job_casos_por_municipios - Starting entry [Success]
2022/03/05 23:44:27 - Job_casos_por_municipios - Finished job entry [Success] (result=[true])
2022/03/05 23:44:27 - Job_casos_por_municipios - Finished job entry [Transformation 8] (result=[true])
2022/03/05 23:44:27 - Job_casos_por_municipios - Finished job entry [HTTP mal] (result=[true])
2022/03/05 23:44:27 - Job_casos_por_municipios - Job execution finished
2022/03/05 23:44:27 - Kitchen - Finished!
2022/03/05 23:44:27 - Kitchen - Start=2022/03/05 23:44:17.135, Stop=2022/03/05 23:44:27.948
2022/03/05 23:44:27 - Kitchen - Processing ended after 10 seconds.
2022/03/05 23:45:40 - Kitchen - Start of run.
2022/03/05 23:45:51 - Job_casos_por_municipios - Start of job execution
2022/03/05 23:45:51 - Job_casos_por_municipios - Starting entry [HTTP sev]
2022/03/05 23:45:51 - HTTP sev - Start of HTTP job entry.
2022/03/05 23:45:51 - HTTP sev - Connecting to URL: https://www.juntadeandalucia.es/institutodeestadisticaycartografia/badea/stpivot/stpivot/Print?cube=e2f14e4d-faa9-4735-bdc2-7133b9bc0124&type=3&foto=si&ejecutaDesde=&codConsulta=38676&consTipoVisua=JP
2022/03/05 23:45:51 - HTTP sev - Resource type: Content-Type: application/zip, last modified on: Sat, 05 Mar 2022 23:45:51 GMT.
2022/03/05 23:45:52 - HTTP sev - Finished writing 69323 bytes to result file [file:///home/sejavichan/TFG/procesos/ficheros/casos_mun_sev.csv]
2022/03/05 23:45:52 - Job_casos_por_municipios - Starting entry [Transformation]
2022/03/05 23:45:52 - Transformation - Using run configuration [Pentaho local]
2022/03/05 23:45:52 - Transformation - Running transformation using the Kettle execution engine
2022/03/05 23:45:52 - Casos_por_municipios - Dispatching started for transformation [Casos_por_municipios]
2022/03/05 23:45:52 - Salida Tabla.0 - Connected to database [Azure] (commit=1000)
2022/03/05 23:45:52 - Información de sistema.0 - Finished processing (I=0, O=0, R=1, W=1, U=0, E=0)
2022/03/05 23:45:52 - CSV file input.0 - Header row skipped in file 'file:///home/sejavichan/TFG/procesos/ficheros/casos_mun_sev.csv'
2022/03/05 23:45:52 - CSV file input.0 - Finished processing (I=2716, O=0, R=0, W=2715, U=0, E=0)
2022/03/05 23:45:53 - Juntar filas (producto cartesiano).0 - Finished processing (I=0, O=0, R=2716, W=2715, U=0, E=0)
2022/03/05 23:45:53 - Mapeo de valores.0 - Finished processing (I=0, O=0, R=2715, W=2715, U=0, E=0)
2022/03/05 23:45:53 - Selecciona/Renombra valores.0 - Finished processing (I=0, O=0, R=2715, W=2715, U=0, E=0)
2022/03/05 23:45:53 - Salida Tabla.0 - Finished processing (I=0, O=2715, R=2715, W=2715, U=0, E=0)
2022/03/05 23:45:53 - Carte - Installing timer to purge stale objects after 1440 minutes.
2022/03/05 23:45:53 - Job_casos_por_municipios - Starting entry [Success]
2022/03/05 23:45:53 - Job_casos_por_municipios - Finished job entry [Success] (result=[true])
2022/03/05 23:45:53 - Job_casos_por_municipios - Finished job entry [Transformation] (result=[true])
2022/03/05 23:45:53 - Job_casos_por_municipios - Finished job entry [HTTP sev] (result=[true])
2022/03/05 23:45:53 - Job_casos_por_municipios - Starting entry [HTTP alm]
2022/03/05 23:45:53 - HTTP alm - Start of HTTP job entry.
2022/03/05 23:45:53 - HTTP alm - Connecting to URL: https://www.juntadeandalucia.es/institutodeestadisticaycartografia/badea/stpivot/stpivot/Print?cube=4bee2830-7efc-4ca7-9592-32f66bd15298&type=3&foto=si&ejecutaDesde=&codConsulta=38665&consTipoVisua=JP
2022/03/05 23:45:53 - HTTP alm - Resource type: Content-Type: application/zip, last modified on: Sat, 05 Mar 2022 23:45:53 GMT.
2022/03/05 23:45:54 - HTTP alm - Finished writing 58066 bytes to result file [file:///home/sejavichan/TFG/procesos/ficheros/casos_mun_alm.csv]
2022/03/05 23:45:54 - Job_casos_por_municipios - Starting entry [Transformation 2]
2022/03/05 23:45:54 - Transformation 2 - Using run configuration [Pentaho local]
2022/03/05 23:45:54 - Transformation 2 - Running transformation using the Kettle execution engine
2022/03/05 23:45:54 - Casos_por_municipios - Dispatching started for transformation [Casos_por_municipios]
2022/03/05 23:45:54 - Salida Tabla.0 - Connected to database [Azure] (commit=1000)
2022/03/05 23:45:54 - Información de sistema.0 - Finished processing (I=0, O=0, R=1, W=1, U=0, E=0)
2022/03/05 23:45:54 - CSV file input.0 - Header row skipped in file 'file:///home/sejavichan/TFG/procesos/ficheros/casos_mun_alm.csv'
2022/03/05 23:45:54 - CSV file input.0 - Finished processing (I=2486, O=0, R=0, W=2485, U=0, E=0)
2022/03/05 23:45:54 - Juntar filas (producto cartesiano).0 - Finished processing (I=0, O=0, R=2486, W=2485, U=0, E=0)
2022/03/05 23:45:54 - Mapeo de valores.0 - Finished processing (I=0, O=0, R=2485, W=2485, U=0, E=0)
2022/03/05 23:45:54 - Selecciona/Renombra valores.0 - Finished processing (I=0, O=0, R=2485, W=2485, U=0, E=0)
2022/03/05 23:45:54 - Salida Tabla.0 - Finished processing (I=0, O=2485, R=2485, W=2485, U=0, E=0)
2022/03/05 23:45:54 - Job_casos_por_municipios - Starting entry [Success]
2022/03/05 23:45:54 - Job_casos_por_municipios - Finished job entry [Success] (result=[true])
2022/03/05 23:45:54 - Job_casos_por_municipios - Finished job entry [Transformation 2] (result=[true])
2022/03/05 23:45:54 - Job_casos_por_municipios - Finished job entry [HTTP alm] (result=[true])
2022/03/05 23:45:54 - Job_casos_por_municipios - Starting entry [HTTP cad]
2022/03/05 23:45:54 - HTTP cad - Start of HTTP job entry.
2022/03/05 23:45:54 - HTTP cad - Connecting to URL: https://www.juntadeandalucia.es/institutodeestadisticaycartografia/badea/stpivot/stpivot/Print?cube=5e119dc4-cff6-4f22-b4d3-1ef2e6fe4324&type=3&foto=si&ejecutaDesde=&codConsulta=38637&consTipoVisua=JP
2022/03/05 23:45:55 - HTTP cad - Resource type: Content-Type: application/zip, last modified on: Sat, 05 Mar 2022 23:45:55 GMT.
2022/03/05 23:45:55 - HTTP cad - Finished writing 31326 bytes to result file [file:///home/sejavichan/TFG/procesos/ficheros/casos_mun_cad.csv]
2022/03/05 23:45:55 - Job_casos_por_municipios - Starting entry [Transformation 3]
2022/03/05 23:45:55 - Transformation 3 - Using run configuration [Pentaho local]
2022/03/05 23:45:55 - Transformation 3 - Running transformation using the Kettle execution engine
2022/03/05 23:45:55 - Casos_por_municipios - Dispatching started for transformation [Casos_por_municipios]
2022/03/05 23:45:55 - Salida Tabla.0 - Connected to database [Azure] (commit=1000)
2022/03/05 23:45:55 - CSV file input.0 - Header row skipped in file 'file:///home/sejavichan/TFG/procesos/ficheros/casos_mun_cad.csv'
2022/03/05 23:45:55 - CSV file input.0 - Finished processing (I=1198, O=0, R=0, W=1197, U=0, E=0)
2022/03/05 23:45:55 - Información de sistema.0 - Finished processing (I=0, O=0, R=1, W=1, U=0, E=0)
2022/03/05 23:45:55 - Juntar filas (producto cartesiano).0 - Finished processing (I=0, O=0, R=1198, W=1197, U=0, E=0)
2022/03/05 23:45:55 - Mapeo de valores.0 - Finished processing (I=0, O=0, R=1197, W=1197, U=0, E=0)
2022/03/05 23:45:55 - Selecciona/Renombra valores.0 - Finished processing (I=0, O=0, R=1197, W=1197, U=0, E=0)
2022/03/05 23:45:55 - Salida Tabla.0 - Finished processing (I=0, O=1197, R=1197, W=1197, U=0, E=0)
2022/03/05 23:45:55 - Job_casos_por_municipios - Starting entry [Success]
2022/03/05 23:45:55 - Job_casos_por_municipios - Finished job entry [Success] (result=[true])
2022/03/05 23:45:55 - Job_casos_por_municipios - Finished job entry [Transformation 3] (result=[true])
2022/03/05 23:45:55 - Job_casos_por_municipios - Finished job entry [HTTP cad] (result=[true])
2022/03/05 23:45:55 - Job_casos_por_municipios - Starting entry [HTTP cor]
2022/03/05 23:45:55 - HTTP cor - Start of HTTP job entry.
2022/03/05 23:45:55 - HTTP cor - Connecting to URL: https://www.juntadeandalucia.es/institutodeestadisticaycartografia/badea/stpivot/stpivot/Print?cube=2c8742cc-9d60-4a85-908e-be8acb55464e&type=3&foto=si&ejecutaDesde=&codConsulta=38666&consTipoVisua=JP
2022/03/05 23:45:56 - HTTP cor - Resource type: Content-Type: application/zip, last modified on: Sat, 05 Mar 2022 23:45:56 GMT.
2022/03/05 23:45:56 - HTTP cor - Finished writing 48074 bytes to result file [file:///home/sejavichan/TFG/procesos/ficheros/casos_mun_cor.csv]
2022/03/05 23:45:56 - Job_casos_por_municipios - Starting entry [Transformation 4]
2022/03/05 23:45:56 - Transformation 4 - Using run configuration [Pentaho local]
2022/03/05 23:45:56 - Transformation 4 - Running transformation using the Kettle execution engine
2022/03/05 23:45:56 - Casos_por_municipios - Dispatching started for transformation [Casos_por_municipios]
2022/03/05 23:45:56 - Salida Tabla.0 - Connected to database [Azure] (commit=1000)
2022/03/05 23:45:56 - Información de sistema.0 - Finished processing (I=0, O=0, R=1, W=1, U=0, E=0)
2022/03/05 23:45:56 - CSV file input.0 - Header row skipped in file 'file:///home/sejavichan/TFG/procesos/ficheros/casos_mun_cor.csv'
2022/03/05 23:45:56 - CSV file input.0 - Finished processing (I=1934, O=0, R=0, W=1933, U=0, E=0)
2022/03/05 23:45:56 - Juntar filas (producto cartesiano).0 - Finished processing (I=0, O=0, R=1934, W=1933, U=0, E=0)
2022/03/05 23:45:56 - Mapeo de valores.0 - Finished processing (I=0, O=0, R=1933, W=1933, U=0, E=0)
2022/03/05 23:45:56 - Selecciona/Renombra valores.0 - Finished processing (I=0, O=0, R=1933, W=1933, U=0, E=0)
2022/03/05 23:45:56 - Salida Tabla.0 - Finished processing (I=0, O=1933, R=1933, W=1933, U=0, E=0)
2022/03/05 23:45:56 - Job_casos_por_municipios - Starting entry [Success]
2022/03/05 23:45:56 - Job_casos_por_municipios - Finished job entry [Success] (result=[true])
2022/03/05 23:45:56 - Job_casos_por_municipios - Finished job entry [Transformation 4] (result=[true])
2022/03/05 23:45:56 - Job_casos_por_municipios - Finished job entry [HTTP cor] (result=[true])
2022/03/05 23:45:56 - Job_casos_por_municipios - Starting entry [HTTP gra]
2022/03/05 23:45:56 - HTTP gra - Start of HTTP job entry.
2022/03/05 23:45:56 - HTTP gra - Connecting to URL: https://www.juntadeandalucia.es/institutodeestadisticaycartografia/badea/stpivot/stpivot/Print?cube=bad97422-dd1a-4da8-b030-8b61a8355fcc&type=3&foto=si&ejecutaDesde=&codConsulta=38667&consTipoVisua=JP
2022/03/05 23:45:57 - HTTP gra - Resource type: Content-Type: application/zip, last modified on: Sat, 05 Mar 2022 23:45:57 GMT.
2022/03/05 23:45:57 - HTTP gra - Finished writing 97662 bytes to result file [file:///home/sejavichan/TFG/procesos/ficheros/casos_mun_gra.csv]
2022/03/05 23:45:57 - Job_casos_por_municipios - Starting entry [Transformation 5]
2022/03/05 23:45:57 - Transformation 5 - Using run configuration [Pentaho local]
2022/03/05 23:45:57 - Transformation 5 - Running transformation using the Kettle execution engine
2022/03/05 23:45:57 - Casos_por_municipios - Dispatching started for transformation [Casos_por_municipios]
2022/03/05 23:45:57 - Salida Tabla.0 - Connected to database [Azure] (commit=1000)
2022/03/05 23:45:57 - Información de sistema.0 - Finished processing (I=0, O=0, R=1, W=1, U=0, E=0)
2022/03/05 23:45:57 - CSV file input.0 - Header row skipped in file 'file:///home/sejavichan/TFG/procesos/ficheros/casos_mun_gra.csv'
2022/03/05 23:45:57 - CSV file input.0 - Finished processing (I=4142, O=0, R=0, W=4141, U=0, E=0)
2022/03/05 23:45:57 - Juntar filas (producto cartesiano).0 - Finished processing (I=0, O=0, R=4142, W=4141, U=0, E=0)
2022/03/05 23:45:57 - Mapeo de valores.0 - Finished processing (I=0, O=0, R=4141, W=4141, U=0, E=0)
2022/03/05 23:45:57 - Selecciona/Renombra valores.0 - Finished processing (I=0, O=0, R=4141, W=4141, U=0, E=0)
2022/03/05 23:45:58 - Salida Tabla.0 - Finished processing (I=0, O=4141, R=4141, W=4141, U=0, E=0)
2022/03/05 23:45:58 - Job_casos_por_municipios - Starting entry [Success]
2022/03/05 23:45:58 - Job_casos_por_municipios - Finished job entry [Success] (result=[true])
2022/03/05 23:45:58 - Job_casos_por_municipios - Finished job entry [Transformation 5] (result=[true])
2022/03/05 23:45:58 - Job_casos_por_municipios - Finished job entry [HTTP gra] (result=[true])
2022/03/05 23:45:58 - Job_casos_por_municipios - Starting entry [HTTP hue]
2022/03/05 23:45:58 - HTTP hue - Start of HTTP job entry.
2022/03/05 23:45:58 - HTTP hue - Connecting to URL: https://www.juntadeandalucia.es/institutodeestadisticaycartografia/badea/stpivot/stpivot/Print?cube=104cbea6-efb2-459f-b5d4-5c7d4758afb3&type=3&foto=si&ejecutaDesde=&codConsulta=38668&consTipoVisua=JP
2022/03/05 23:45:58 - HTTP hue - Resource type: Content-Type: application/zip, last modified on: Sat, 05 Mar 2022 23:45:58 GMT.
2022/03/05 23:45:58 - HTTP hue - Finished writing 46399 bytes to result file [file:///home/sejavichan/TFG/procesos/ficheros/casos_mun_hue.csv]
2022/03/05 23:45:58 - Job_casos_por_municipios - Starting entry [Transformation 6]
2022/03/05 23:45:58 - Transformation 6 - Using run configuration [Pentaho local]
2022/03/05 23:45:58 - Transformation 6 - Running transformation using the Kettle execution engine
2022/03/05 23:45:58 - Casos_por_municipios - Dispatching started for transformation [Casos_por_municipios]
2022/03/05 23:45:58 - Salida Tabla.0 - Connected to database [Azure] (commit=1000)
2022/03/05 23:45:58 - Información de sistema.0 - Finished processing (I=0, O=0, R=1, W=1, U=0, E=0)
2022/03/05 23:45:58 - CSV file input.0 - Header row skipped in file 'file:///home/sejavichan/TFG/procesos/ficheros/casos_mun_hue.csv'
2022/03/05 23:45:59 - CSV file input.0 - Finished processing (I=1819, O=0, R=0, W=1818, U=0, E=0)
2022/03/05 23:45:59 - Juntar filas (producto cartesiano).0 - Finished processing (I=0, O=0, R=1819, W=1818, U=0, E=0)
2022/03/05 23:45:59 - Mapeo de valores.0 - Finished processing (I=0, O=0, R=1818, W=1818, U=0, E=0)
2022/03/05 23:45:59 - Selecciona/Renombra valores.0 - Finished processing (I=0, O=0, R=1818, W=1818, U=0, E=0)
2022/03/05 23:45:59 - Salida Tabla.0 - Finished processing (I=0, O=1818, R=1818, W=1818, U=0, E=0)
2022/03/05 23:45:59 - Job_casos_por_municipios - Starting entry [Success]
2022/03/05 23:45:59 - Job_casos_por_municipios - Finished job entry [Success] (result=[true])
2022/03/05 23:45:59 - Job_casos_por_municipios - Finished job entry [Transformation 6] (result=[true])
2022/03/05 23:45:59 - Job_casos_por_municipios - Finished job entry [HTTP hue] (result=[true])
2022/03/05 23:45:59 - Job_casos_por_municipios - Starting entry [HTTP jae]
2022/03/05 23:45:59 - HTTP jae - Start of HTTP job entry.
2022/03/05 23:45:59 - HTTP jae - Connecting to URL: https://www.juntadeandalucia.es/institutodeestadisticaycartografia/badea/stpivot/stpivot/Print?cube=bdb74d81-b03a-4de7-9185-2c96ccbd6126&type=3&foto=si&ejecutaDesde=&codConsulta=38669&consTipoVisua=JP
2022/03/05 23:45:59 - HTTP jae - Resource type: Content-Type: application/zip, last modified on: Sat, 05 Mar 2022 23:45:59 GMT.
2022/03/05 23:46:00 - HTTP jae - Finished writing 58179 bytes to result file [file:///home/sejavichan/TFG/procesos/ficheros/casos_mun_jae.csv]
2022/03/05 23:46:00 - Job_casos_por_municipios - Starting entry [Transformation 7]
2022/03/05 23:46:00 - Transformation 7 - Using run configuration [Pentaho local]
2022/03/05 23:46:00 - Transformation 7 - Running transformation using the Kettle execution engine
2022/03/05 23:46:00 - Casos_por_municipios - Dispatching started for transformation [Casos_por_municipios]
2022/03/05 23:46:00 - Salida Tabla.0 - Connected to database [Azure] (commit=1000)
2022/03/05 23:46:00 - CSV file input.0 - Header row skipped in file 'file:///home/sejavichan/TFG/procesos/ficheros/casos_mun_jae.csv'
2022/03/05 23:46:00 - CSV file input.0 - Finished processing (I=2371, O=0, R=0, W=2370, U=0, E=0)
2022/03/05 23:46:00 - Información de sistema.0 - Finished processing (I=0, O=0, R=1, W=1, U=0, E=0)
2022/03/05 23:46:00 - Juntar filas (producto cartesiano).0 - Finished processing (I=0, O=0, R=2371, W=2370, U=0, E=0)
2022/03/05 23:46:00 - Mapeo de valores.0 - Finished processing (I=0, O=0, R=2370, W=2370, U=0, E=0)
2022/03/05 23:46:00 - Selecciona/Renombra valores.0 - Finished processing (I=0, O=0, R=2370, W=2370, U=0, E=0)
2022/03/05 23:46:00 - Salida Tabla.0 - Finished processing (I=0, O=2370, R=2370, W=2370, U=0, E=0)
2022/03/05 23:46:00 - Job_casos_por_municipios - Starting entry [Success]
2022/03/05 23:46:00 - Job_casos_por_municipios - Finished job entry [Success] (result=[true])
2022/03/05 23:46:00 - Job_casos_por_municipios - Finished job entry [Transformation 7] (result=[true])
2022/03/05 23:46:00 - Job_casos_por_municipios - Finished job entry [HTTP jae] (result=[true])
2022/03/05 23:46:00 - Job_casos_por_municipios - Starting entry [HTTP mal]
2022/03/05 23:46:00 - HTTP mal - Start of HTTP job entry.
2022/03/05 23:46:00 - HTTP mal - Connecting to URL: https://www.juntadeandalucia.es/institutodeestadisticaycartografia/badea/stpivot/stpivot/Print?cube=14bab3d0-916e-4253-8d56-343c325bf719&type=3&foto=si&ejecutaDesde=&codConsulta=38674&consTipoVisua=JP
2022/03/05 23:46:00 - HTTP mal - Resource type: Content-Type: application/zip, last modified on: Sat, 05 Mar 2022 23:46:00 GMT.
2022/03/05 23:46:01 - HTTP mal - Finished writing 61420 bytes to result file [file:///home/sejavichan/TFG/procesos/ficheros/casos_mun_mal.csv]
2022/03/05 23:46:01 - Job_casos_por_municipios - Starting entry [Transformation 8]
2022/03/05 23:46:01 - Transformation 8 - Using run configuration [Pentaho local]
2022/03/05 23:46:01 - Transformation 8 - Running transformation using the Kettle execution engine
2022/03/05 23:46:01 - Casos_por_municipios - Dispatching started for transformation [Casos_por_municipios]
2022/03/05 23:46:01 - Salida Tabla.0 - Connected to database [Azure] (commit=1000)
2022/03/05 23:46:01 - Información de sistema.0 - Finished processing (I=0, O=0, R=1, W=1, U=0, E=0)
2022/03/05 23:46:01 - CSV file input.0 - Header row skipped in file 'file:///home/sejavichan/TFG/procesos/ficheros/casos_mun_mal.csv'
2022/03/05 23:46:01 - CSV file input.0 - Finished processing (I=2555, O=0, R=0, W=2554, U=0, E=0)
2022/03/05 23:46:01 - Juntar filas (producto cartesiano).0 - Finished processing (I=0, O=0, R=2555, W=2554, U=0, E=0)
2022/03/05 23:46:01 - Mapeo de valores.0 - Finished processing (I=0, O=0, R=2554, W=2554, U=0, E=0)
2022/03/05 23:46:01 - Selecciona/Renombra valores.0 - Finished processing (I=0, O=0, R=2554, W=2554, U=0, E=0)
2022/03/05 23:46:01 - Salida Tabla.0 - Finished processing (I=0, O=2554, R=2554, W=2554, U=0, E=0)
2022/03/05 23:46:01 - Job_casos_por_municipios - Starting entry [Success]
2022/03/05 23:46:01 - Job_casos_por_municipios - Finished job entry [Success] (result=[true])
2022/03/05 23:46:01 - Job_casos_por_municipios - Finished job entry [Transformation 8] (result=[true])
2022/03/05 23:46:01 - Job_casos_por_municipios - Finished job entry [HTTP mal] (result=[true])
2022/03/05 23:46:01 - Job_casos_por_municipios - Job execution finished
2022/03/05 23:46:01 - Kitchen - Finished!
2022/03/05 23:46:01 - Kitchen - Start=2022/03/05 23:45:51.004, Stop=2022/03/05 23:46:01.743
2022/03/05 23:46:01 - Kitchen - Processing ended after 10 seconds.
