2022/04/08 13:26:33 - Kitchen - Start of run.
2022/04/08 13:27:03 - Job_casos_por_municipios - Start of job execution
2022/04/08 13:27:03 - Job_casos_por_municipios - Starting entry [HTTP sev]
2022/04/08 13:27:03 - HTTP sev - Start of HTTP job entry.
2022/04/08 13:27:03 - HTTP sev - Connecting to URL: https://www.juntadeandalucia.es/institutodeestadisticaycartografia/badea/stpivot/stpivot/Print?cube=e2f14e4d-faa9-4735-bdc2-7133b9bc0124&type=3&foto=si&ejecutaDesde=&codConsulta=38676&consTipoVisua=JP
2022/04/08 13:27:03 - HTTP sev - Resource type: Content-Type: application/zip, last modified on: Fri, 08 Apr 2022 11:27:01 GMT.
2022/04/08 13:27:03 - HTTP sev - Finished writing 69134 bytes to result file [file:///C:/Users/usuario/Desktop/Universidad/TFG/TFG/procesos/ficheros/casos_mun_sev.csv]
2022/04/08 13:27:03 - Job_casos_por_municipios - Starting entry [Transformation]
2022/04/08 13:27:04 - Transformation - Using run configuration [Pentaho local]
2022/04/08 13:27:04 - Transformation - Running transformation using the Kettle execution engine
2022/04/08 13:27:04 - Casos_por_municipios - Iniciado despacho de la transformaci?n [Casos_por_municipios]
2022/04/08 13:27:05 - Salida Tabla.0 - Connected to database [Azure] (commit=1000)
2022/04/08 13:27:06 - Información de sistema.0 - Procesamiento finalizado (I=0, O=0, R=1, W=1, U=0, E=0)
2022/04/08 13:27:06 - CSV file input.0 - Header row skipped in file 'file:///C:/Users/usuario/Desktop/Universidad/TFG/TFG/procesos/ficheros/casos_mun_sev.csv'
2022/04/08 13:27:06 - CSV file input.0 - Procesamiento finalizado (I=2716, O=0, R=0, W=2715, U=0, E=0)
2022/04/08 13:27:06 - Juntar filas (producto cartesiano).0 - Procesamiento finalizado (I=0, O=0, R=2716, W=2715, U=0, E=0)
2022/04/08 13:27:06 - Mapeo de valores.0 - Procesamiento finalizado (I=0, O=0, R=2715, W=2715, U=0, E=0)
2022/04/08 13:27:06 - Selecciona/Renombra valores.0 - Procesamiento finalizado (I=0, O=0, R=2715, W=2715, U=0, E=0)
2022/04/08 13:27:07 - Salida Tabla.0 - Procesamiento finalizado (I=0, O=2715, R=2715, W=2715, U=0, E=0)
2022/04/08 13:27:07 - Carte - Installing timer to purge stale objects after 1440 minutes.
2022/04/08 13:27:07 - Job_casos_por_municipios - Starting entry [Success]
2022/04/08 13:27:07 - Job_casos_por_municipios - Finished job entry [Success] (result=[true])
2022/04/08 13:27:07 - Job_casos_por_municipios - Finished job entry [Transformation] (result=[true])
2022/04/08 13:27:07 - Job_casos_por_municipios - Finished job entry [HTTP sev] (result=[true])
2022/04/08 13:27:07 - Job_casos_por_municipios - Starting entry [HTTP alm]
2022/04/08 13:27:07 - HTTP alm - Start of HTTP job entry.
2022/04/08 13:27:07 - HTTP alm - Connecting to URL: https://www.juntadeandalucia.es/institutodeestadisticaycartografia/badea/stpivot/stpivot/Print?cube=4bee2830-7efc-4ca7-9592-32f66bd15298&type=3&foto=si&ejecutaDesde=&codConsulta=38665&consTipoVisua=JP
2022/04/08 13:27:07 - HTTP alm - Resource type: Content-Type: application/zip, last modified on: Fri, 08 Apr 2022 11:27:05 GMT.
2022/04/08 13:27:07 - HTTP alm - Finished writing 57968 bytes to result file [file:///C:/Users/usuario/Desktop/Universidad/TFG/TFG/procesos/ficheros/casos_mun_alm.csv]
2022/04/08 13:27:07 - Job_casos_por_municipios - Starting entry [Transformation 2]
2022/04/08 13:27:07 - Transformation 2 - Using run configuration [Pentaho local]
2022/04/08 13:27:07 - Transformation 2 - Running transformation using the Kettle execution engine
2022/04/08 13:27:07 - Casos_por_municipios - Iniciado despacho de la transformaci?n [Casos_por_municipios]
2022/04/08 13:27:08 - Salida Tabla.0 - Connected to database [Azure] (commit=1000)
2022/04/08 13:27:08 - Información de sistema.0 - Procesamiento finalizado (I=0, O=0, R=1, W=1, U=0, E=0)
2022/04/08 13:27:08 - CSV file input.0 - Header row skipped in file 'file:///C:/Users/usuario/Desktop/Universidad/TFG/TFG/procesos/ficheros/casos_mun_alm.csv'
2022/04/08 13:27:08 - CSV file input.0 - Procesamiento finalizado (I=2486, O=0, R=0, W=2485, U=0, E=0)
2022/04/08 13:27:08 - Juntar filas (producto cartesiano).0 - Procesamiento finalizado (I=0, O=0, R=2486, W=2485, U=0, E=0)
2022/04/08 13:27:08 - Mapeo de valores.0 - Procesamiento finalizado (I=0, O=0, R=2485, W=2485, U=0, E=0)
2022/04/08 13:27:08 - Selecciona/Renombra valores.0 - Procesamiento finalizado (I=0, O=0, R=2485, W=2485, U=0, E=0)
2022/04/08 13:27:09 - Salida Tabla.0 - Procesamiento finalizado (I=0, O=2485, R=2485, W=2485, U=0, E=0)
2022/04/08 13:27:09 - Job_casos_por_municipios - Starting entry [Success]
2022/04/08 13:27:09 - Job_casos_por_municipios - Finished job entry [Success] (result=[true])
2022/04/08 13:27:09 - Job_casos_por_municipios - Finished job entry [Transformation 2] (result=[true])
2022/04/08 13:27:09 - Job_casos_por_municipios - Finished job entry [HTTP alm] (result=[true])
2022/04/08 13:27:09 - Job_casos_por_municipios - Starting entry [HTTP cad]
2022/04/08 13:27:09 - HTTP cad - Start of HTTP job entry.
2022/04/08 13:27:09 - HTTP cad - Connecting to URL: https://www.juntadeandalucia.es/institutodeestadisticaycartografia/badea/stpivot/stpivot/Print?cube=5e119dc4-cff6-4f22-b4d3-1ef2e6fe4324&type=3&foto=si&ejecutaDesde=&codConsulta=38637&consTipoVisua=JP
2022/04/08 13:27:10 - HTTP cad - Resource type: Content-Type: application/zip, last modified on: Fri, 08 Apr 2022 11:27:08 GMT.
2022/04/08 13:27:10 - HTTP cad - Finished writing 31355 bytes to result file [file:///C:/Users/usuario/Desktop/Universidad/TFG/TFG/procesos/ficheros/casos_mun_cad.csv]
2022/04/08 13:27:10 - Job_casos_por_municipios - Starting entry [Transformation 3]
2022/04/08 13:27:10 - Transformation 3 - Using run configuration [Pentaho local]
2022/04/08 13:27:10 - Transformation 3 - Running transformation using the Kettle execution engine
2022/04/08 13:27:10 - Casos_por_municipios - Iniciado despacho de la transformaci?n [Casos_por_municipios]
2022/04/08 13:27:10 - Salida Tabla.0 - Connected to database [Azure] (commit=1000)
2022/04/08 13:27:10 - Información de sistema.0 - Procesamiento finalizado (I=0, O=0, R=1, W=1, U=0, E=0)
2022/04/08 13:27:10 - CSV file input.0 - Header row skipped in file 'file:///C:/Users/usuario/Desktop/Universidad/TFG/TFG/procesos/ficheros/casos_mun_cad.csv'
2022/04/08 13:27:10 - CSV file input.0 - Procesamiento finalizado (I=1198, O=0, R=0, W=1197, U=0, E=0)
2022/04/08 13:27:10 - Juntar filas (producto cartesiano).0 - Procesamiento finalizado (I=0, O=0, R=1198, W=1197, U=0, E=0)
2022/04/08 13:27:10 - Mapeo de valores.0 - Procesamiento finalizado (I=0, O=0, R=1197, W=1197, U=0, E=0)
2022/04/08 13:27:10 - Selecciona/Renombra valores.0 - Procesamiento finalizado (I=0, O=0, R=1197, W=1197, U=0, E=0)
2022/04/08 13:27:11 - Salida Tabla.0 - Procesamiento finalizado (I=0, O=1197, R=1197, W=1197, U=0, E=0)
2022/04/08 13:27:11 - Job_casos_por_municipios - Starting entry [Success]
2022/04/08 13:27:11 - Job_casos_por_municipios - Finished job entry [Success] (result=[true])
2022/04/08 13:27:11 - Job_casos_por_municipios - Finished job entry [Transformation 3] (result=[true])
2022/04/08 13:27:11 - Job_casos_por_municipios - Finished job entry [HTTP cad] (result=[true])
2022/04/08 13:27:11 - Job_casos_por_municipios - Starting entry [HTTP cor]
2022/04/08 13:27:11 - HTTP cor - Start of HTTP job entry.
2022/04/08 13:27:11 - HTTP cor - Connecting to URL: https://www.juntadeandalucia.es/institutodeestadisticaycartografia/badea/stpivot/stpivot/Print?cube=2c8742cc-9d60-4a85-908e-be8acb55464e&type=3&foto=si&ejecutaDesde=&codConsulta=38666&consTipoVisua=JP
2022/04/08 13:27:12 - HTTP cor - Resource type: Content-Type: application/zip, last modified on: Fri, 08 Apr 2022 11:27:10 GMT.
2022/04/08 13:27:12 - HTTP cor - Finished writing 47876 bytes to result file [file:///C:/Users/usuario/Desktop/Universidad/TFG/TFG/procesos/ficheros/casos_mun_cor.csv]
2022/04/08 13:27:12 - Job_casos_por_municipios - Starting entry [Transformation 4]
2022/04/08 13:27:12 - Transformation 4 - Using run configuration [Pentaho local]
2022/04/08 13:27:12 - Transformation 4 - Running transformation using the Kettle execution engine
2022/04/08 13:27:12 - Casos_por_municipios - Iniciado despacho de la transformaci?n [Casos_por_municipios]
2022/04/08 13:27:12 - Salida Tabla.0 - Connected to database [Azure] (commit=1000)
2022/04/08 13:27:12 - Información de sistema.0 - Procesamiento finalizado (I=0, O=0, R=1, W=1, U=0, E=0)
2022/04/08 13:27:12 - CSV file input.0 - Header row skipped in file 'file:///C:/Users/usuario/Desktop/Universidad/TFG/TFG/procesos/ficheros/casos_mun_cor.csv'
2022/04/08 13:27:12 - CSV file input.0 - Procesamiento finalizado (I=1934, O=0, R=0, W=1933, U=0, E=0)
2022/04/08 13:27:13 - Juntar filas (producto cartesiano).0 - Procesamiento finalizado (I=0, O=0, R=1934, W=1933, U=0, E=0)
2022/04/08 13:27:13 - Mapeo de valores.0 - Procesamiento finalizado (I=0, O=0, R=1933, W=1933, U=0, E=0)
2022/04/08 13:27:13 - Selecciona/Renombra valores.0 - Procesamiento finalizado (I=0, O=0, R=1933, W=1933, U=0, E=0)
2022/04/08 13:27:13 - Salida Tabla.0 - Procesamiento finalizado (I=0, O=1933, R=1933, W=1933, U=0, E=0)
2022/04/08 13:27:13 - Job_casos_por_municipios - Starting entry [Success]
2022/04/08 13:27:13 - Job_casos_por_municipios - Finished job entry [Success] (result=[true])
2022/04/08 13:27:13 - Job_casos_por_municipios - Finished job entry [Transformation 4] (result=[true])
2022/04/08 13:27:13 - Job_casos_por_municipios - Finished job entry [HTTP cor] (result=[true])
2022/04/08 13:27:13 - Job_casos_por_municipios - Starting entry [HTTP gra]
2022/04/08 13:27:13 - HTTP gra - Start of HTTP job entry.
2022/04/08 13:27:13 - HTTP gra - Connecting to URL: https://www.juntadeandalucia.es/institutodeestadisticaycartografia/badea/stpivot/stpivot/Print?cube=bad97422-dd1a-4da8-b030-8b61a8355fcc&type=3&foto=si&ejecutaDesde=&codConsulta=38667&consTipoVisua=JP
2022/04/08 13:27:14 - HTTP gra - Resource type: Content-Type: application/zip, last modified on: Fri, 08 Apr 2022 11:27:12 GMT.
2022/04/08 13:27:14 - HTTP gra - Finished writing 97197 bytes to result file [file:///C:/Users/usuario/Desktop/Universidad/TFG/TFG/procesos/ficheros/casos_mun_gra.csv]
2022/04/08 13:27:14 - Job_casos_por_municipios - Starting entry [Transformation 5]
2022/04/08 13:27:14 - Transformation 5 - Using run configuration [Pentaho local]
2022/04/08 13:27:14 - Transformation 5 - Running transformation using the Kettle execution engine
2022/04/08 13:27:14 - Casos_por_municipios - Iniciado despacho de la transformaci?n [Casos_por_municipios]
2022/04/08 13:27:14 - Salida Tabla.0 - Connected to database [Azure] (commit=1000)
2022/04/08 13:27:14 - Información de sistema.0 - Procesamiento finalizado (I=0, O=0, R=1, W=1, U=0, E=0)
2022/04/08 13:27:14 - CSV file input.0 - Header row skipped in file 'file:///C:/Users/usuario/Desktop/Universidad/TFG/TFG/procesos/ficheros/casos_mun_gra.csv'
2022/04/08 13:27:14 - CSV file input.0 - Procesamiento finalizado (I=4142, O=0, R=0, W=4141, U=0, E=0)
2022/04/08 13:27:15 - Juntar filas (producto cartesiano).0 - Procesamiento finalizado (I=0, O=0, R=4142, W=4141, U=0, E=0)
2022/04/08 13:27:15 - Mapeo de valores.0 - Procesamiento finalizado (I=0, O=0, R=4141, W=4141, U=0, E=0)
2022/04/08 13:27:15 - Selecciona/Renombra valores.0 - Procesamiento finalizado (I=0, O=0, R=4141, W=4141, U=0, E=0)
2022/04/08 13:27:16 - Salida Tabla.0 - Procesamiento finalizado (I=0, O=4141, R=4141, W=4141, U=0, E=0)
2022/04/08 13:27:16 - Job_casos_por_municipios - Starting entry [Success]
2022/04/08 13:27:16 - Job_casos_por_municipios - Finished job entry [Success] (result=[true])
2022/04/08 13:27:16 - Job_casos_por_municipios - Finished job entry [Transformation 5] (result=[true])
2022/04/08 13:27:16 - Job_casos_por_municipios - Finished job entry [HTTP gra] (result=[true])
2022/04/08 13:27:16 - Job_casos_por_municipios - Starting entry [HTTP hue]
2022/04/08 13:27:16 - HTTP hue - Start of HTTP job entry.
2022/04/08 13:27:16 - HTTP hue - Connecting to URL: https://www.juntadeandalucia.es/institutodeestadisticaycartografia/badea/stpivot/stpivot/Print?cube=104cbea6-efb2-459f-b5d4-5c7d4758afb3&type=3&foto=si&ejecutaDesde=&codConsulta=38668&consTipoVisua=JP
2022/04/08 13:27:16 - HTTP hue - Resource type: Content-Type: application/zip, last modified on: Fri, 08 Apr 2022 11:27:14 GMT.
2022/04/08 13:27:16 - HTTP hue - Finished writing 46114 bytes to result file [file:///C:/Users/usuario/Desktop/Universidad/TFG/TFG/procesos/ficheros/casos_mun_hue.csv]
2022/04/08 13:27:16 - Job_casos_por_municipios - Starting entry [Transformation 6]
2022/04/08 13:27:16 - Transformation 6 - Using run configuration [Pentaho local]
2022/04/08 13:27:16 - Transformation 6 - Running transformation using the Kettle execution engine
2022/04/08 13:27:16 - Casos_por_municipios - Iniciado despacho de la transformaci?n [Casos_por_municipios]
2022/04/08 13:27:17 - Salida Tabla.0 - Connected to database [Azure] (commit=1000)
2022/04/08 13:27:17 - Información de sistema.0 - Procesamiento finalizado (I=0, O=0, R=1, W=1, U=0, E=0)
2022/04/08 13:27:17 - CSV file input.0 - Header row skipped in file 'file:///C:/Users/usuario/Desktop/Universidad/TFG/TFG/procesos/ficheros/casos_mun_hue.csv'
2022/04/08 13:27:17 - CSV file input.0 - Procesamiento finalizado (I=1819, O=0, R=0, W=1818, U=0, E=0)
2022/04/08 13:27:17 - Juntar filas (producto cartesiano).0 - Procesamiento finalizado (I=0, O=0, R=1819, W=1818, U=0, E=0)
2022/04/08 13:27:17 - Mapeo de valores.0 - Procesamiento finalizado (I=0, O=0, R=1818, W=1818, U=0, E=0)
2022/04/08 13:27:17 - Selecciona/Renombra valores.0 - Procesamiento finalizado (I=0, O=0, R=1818, W=1818, U=0, E=0)
2022/04/08 13:27:18 - Salida Tabla.0 - Procesamiento finalizado (I=0, O=1818, R=1818, W=1818, U=0, E=0)
2022/04/08 13:27:18 - Job_casos_por_municipios - Starting entry [Success]
2022/04/08 13:27:18 - Job_casos_por_municipios - Finished job entry [Success] (result=[true])
2022/04/08 13:27:18 - Job_casos_por_municipios - Finished job entry [Transformation 6] (result=[true])
2022/04/08 13:27:18 - Job_casos_por_municipios - Finished job entry [HTTP hue] (result=[true])
2022/04/08 13:27:18 - Job_casos_por_municipios - Starting entry [HTTP jae]
2022/04/08 13:27:18 - HTTP jae - Start of HTTP job entry.
2022/04/08 13:27:18 - HTTP jae - Connecting to URL: https://www.juntadeandalucia.es/institutodeestadisticaycartografia/badea/stpivot/stpivot/Print?cube=bdb74d81-b03a-4de7-9185-2c96ccbd6126&type=3&foto=si&ejecutaDesde=&codConsulta=38669&consTipoVisua=JP
2022/04/08 13:27:18 - HTTP jae - Resource type: Content-Type: application/zip, last modified on: Fri, 08 Apr 2022 11:27:16 GMT.
2022/04/08 13:27:18 - HTTP jae - Finished writing 57909 bytes to result file [file:///C:/Users/usuario/Desktop/Universidad/TFG/TFG/procesos/ficheros/casos_mun_jae.csv]
2022/04/08 13:27:18 - Job_casos_por_municipios - Starting entry [Transformation 7]
2022/04/08 13:27:18 - Transformation 7 - Using run configuration [Pentaho local]
2022/04/08 13:27:18 - Transformation 7 - Running transformation using the Kettle execution engine
2022/04/08 13:27:18 - Casos_por_municipios - Iniciado despacho de la transformaci?n [Casos_por_municipios]
2022/04/08 13:27:18 - Salida Tabla.0 - Connected to database [Azure] (commit=1000)
2022/04/08 13:27:18 - Información de sistema.0 - Procesamiento finalizado (I=0, O=0, R=1, W=1, U=0, E=0)
2022/04/08 13:27:18 - CSV file input.0 - Header row skipped in file 'file:///C:/Users/usuario/Desktop/Universidad/TFG/TFG/procesos/ficheros/casos_mun_jae.csv'
2022/04/08 13:27:18 - CSV file input.0 - Procesamiento finalizado (I=2371, O=0, R=0, W=2370, U=0, E=0)
2022/04/08 13:27:19 - Juntar filas (producto cartesiano).0 - Procesamiento finalizado (I=0, O=0, R=2371, W=2370, U=0, E=0)
2022/04/08 13:27:19 - Mapeo de valores.0 - Procesamiento finalizado (I=0, O=0, R=2370, W=2370, U=0, E=0)
2022/04/08 13:27:19 - Selecciona/Renombra valores.0 - Procesamiento finalizado (I=0, O=0, R=2370, W=2370, U=0, E=0)
2022/04/08 13:27:20 - Salida Tabla.0 - Procesamiento finalizado (I=0, O=2370, R=2370, W=2370, U=0, E=0)
2022/04/08 13:27:20 - Job_casos_por_municipios - Starting entry [Success]
2022/04/08 13:27:20 - Job_casos_por_municipios - Finished job entry [Success] (result=[true])
2022/04/08 13:27:20 - Job_casos_por_municipios - Finished job entry [Transformation 7] (result=[true])
2022/04/08 13:27:20 - Job_casos_por_municipios - Finished job entry [HTTP jae] (result=[true])
2022/04/08 13:27:20 - Job_casos_por_municipios - Starting entry [HTTP mal]
2022/04/08 13:27:20 - HTTP mal - Start of HTTP job entry.
2022/04/08 13:27:20 - HTTP mal - Connecting to URL: https://www.juntadeandalucia.es/institutodeestadisticaycartografia/badea/stpivot/stpivot/Print?cube=14bab3d0-916e-4253-8d56-343c325bf719&type=3&foto=si&ejecutaDesde=&codConsulta=38674&consTipoVisua=JP
2022/04/08 13:27:20 - HTTP mal - Resource type: Content-Type: application/zip, last modified on: Fri, 08 Apr 2022 11:27:17 GMT.
2022/04/08 13:27:20 - HTTP mal - Finished writing 61346 bytes to result file [file:///C:/Users/usuario/Desktop/Universidad/TFG/TFG/procesos/ficheros/casos_mun_mal.csv]
2022/04/08 13:27:20 - Job_casos_por_municipios - Starting entry [Transformation 8]
2022/04/08 13:27:20 - Transformation 8 - Using run configuration [Pentaho local]
2022/04/08 13:27:20 - Transformation 8 - Running transformation using the Kettle execution engine
2022/04/08 13:27:20 - Casos_por_municipios - Iniciado despacho de la transformaci?n [Casos_por_municipios]
2022/04/08 13:27:20 - Salida Tabla.0 - Connected to database [Azure] (commit=1000)
2022/04/08 13:27:20 - Información de sistema.0 - Procesamiento finalizado (I=0, O=0, R=1, W=1, U=0, E=0)
2022/04/08 13:27:20 - CSV file input.0 - Header row skipped in file 'file:///C:/Users/usuario/Desktop/Universidad/TFG/TFG/procesos/ficheros/casos_mun_mal.csv'
2022/04/08 13:27:20 - CSV file input.0 - Procesamiento finalizado (I=2555, O=0, R=0, W=2554, U=0, E=0)
2022/04/08 13:27:21 - Juntar filas (producto cartesiano).0 - Procesamiento finalizado (I=0, O=0, R=2555, W=2554, U=0, E=0)
2022/04/08 13:27:21 - Mapeo de valores.0 - Procesamiento finalizado (I=0, O=0, R=2554, W=2554, U=0, E=0)
2022/04/08 13:27:21 - Selecciona/Renombra valores.0 - Procesamiento finalizado (I=0, O=0, R=2554, W=2554, U=0, E=0)
2022/04/08 13:27:22 - Salida Tabla.0 - Procesamiento finalizado (I=0, O=2554, R=2554, W=2554, U=0, E=0)
2022/04/08 13:27:22 - Job_casos_por_municipios - Starting entry [Success]
2022/04/08 13:27:22 - Job_casos_por_municipios - Finished job entry [Success] (result=[true])
2022/04/08 13:27:22 - Job_casos_por_municipios - Finished job entry [Transformation 8] (result=[true])
2022/04/08 13:27:22 - Job_casos_por_municipios - Finished job entry [HTTP mal] (result=[true])
2022/04/08 13:27:22 - Job_casos_por_municipios - Job execution finished
2022/04/08 13:27:22 - Kitchen - Finished!
2022/04/08 13:27:22 - Kitchen - Start=2022/04/08 13:27:03.154, Stop=2022/04/08 13:27:22.049
2022/04/08 13:27:22 - Kitchen - Processing ended after 18 seconds.
